setKid()
Player::InitFromFile(int mode,int LastCheckPoint, int Life)
Player::Init(int mode,int LastCheckPoint, int Life)
void GlobalHandler::RestartMap()
X: 18 , Y: 470
X: 18 , Y: 470
X: 18 , Y: 470
X: 18 , Y: 470
X: 18 , Y: 470
X: 18 , Y: 470
X: 18 , Y: 470
X: 18 , Y: 470
X: 18 , Y: 470
X: 18 , Y: 470
X: 18 , Y: 470
X: 18 , Y: 470
X: 27 , Y: 470
X: 36 , Y: 470
X: 45 , Y: 470
X: 59 , Y: 470
X: 68 , Y: 470
X: 77 , Y: 470
X: 86 , Y: 470
X: 95 , Y: 470
X: 104 , Y: 470
X: 113 , Y: 470
X: 127 , Y: 470
X: 136 , Y: 470
X: 145 , Y: 470
X: 154 , Y: 470
X: 163 , Y: 470
X: 172 , Y: 470
X: 181 , Y: 470
X: 195 , Y: 470
X: 204 , Y: 470
X: 213 , Y: 470
X: 222 , Y: 470
X: 231 , Y: 470
X: 240 , Y: 470
X: 249 , Y: 470
X: 263 , Y: 470
X: 272 , Y: 470
X: 281 , Y: 470
X: 290 , Y: 470
X: 299 , Y: 470
X: 308 , Y: 470
X: 317 , Y: 470
X: 331 , Y: 470
X: 340 , Y: 470
X: 349 , Y: 470
X: 358 , Y: 470
X: 367 , Y: 470
X: 376 , Y: 470
X: 385 , Y: 470
X: 399 , Y: 470
X: 408 , Y: 470
X: 417 , Y: 470
X: 426 , Y: 470
X: 435 , Y: 470
X: 444 , Y: 470
X: 453 , Y: 470
X: 467 , Y: 470
X: 476 , Y: 470
X: 485 , Y: 470
X: 494 , Y: 470
X: 503 , Y: 470
X: 512 , Y: 470
X: 521 , Y: 470
X: 534 , Y: 470
X: 543 , Y: 470
X: 552 , Y: 470
X: 561 , Y: 470
X: 570 , Y: 470
X: 579 , Y: 470
X: 588 , Y: 470
X: 597 , Y: 470
X: 611 , Y: 470
X: 620 , Y: 470
X: 629 , Y: 470
X: 638 , Y: 470
X: 647 , Y: 470
X: 656 , Y: 470
X: 670 , Y: 470
X: 679 , Y: 470
X: 688 , Y: 470
X: 697 , Y: 470
X: 706 , Y: 470
X: 715 , Y: 470
X: 724 , Y: 470
X: 733 , Y: 470
X: 747 , Y: 470
X: 756 , Y: 470
X: 765 , Y: 470
X: 774 , Y: 470
X: 783 , Y: 470
X: 792 , Y: 470
X: 801 , Y: 470
X: 815 , Y: 470
X: 824 , Y: 470
X: 833 , Y: 470
X: 842 , Y: 470
X: 851 , Y: 470
X: 860 , Y: 470
X: 869 , Y: 470
X: 883 , Y: 470
X: 892 , Y: 470
X: 901 , Y: 439
X: 910 , Y: 411
X: 919 , Y: 385
X: 928 , Y: 363
X: 937 , Y: 344
X: 951 , Y: 320
X: 960 , Y: 307
X: 969 , Y: 297
X: 978 , Y: 290
X: 987 , Y: 286
X: 996 , Y: 286
X: 1005 , Y: 289
X: 1019 , Y: 298
X: 1028 , Y: 307
X: 1037 , Y: 319
X: 1046 , Y: 334
X: 1055 , Y: 352
X: 1064 , Y: 374
X: 1073 , Y: 398
X: 1087 , Y: 440
X: 1096 , Y: 470
X: 1105 , Y: 470
X: 1114 , Y: 470
X: 1123 , Y: 470
X: 1132 , Y: 470
X: 1141 , Y: 470
X: 1150 , Y: 470
X: 1164 , Y: 470
X: 1173 , Y: 470
X: 1182 , Y: 470
X: 1191 , Y: 470
X: 1200 , Y: 470
X: 1209 , Y: 470
X: 1222 , Y: 424
X: 1231 , Y: 395
X: 1240 , Y: 370
X: 1249 , Y: 348
X: 1258 , Y: 329
X: 1267 , Y: 313
X: 1276 , Y: 300
X: 1285 , Y: 290
X: 1299 , Y: 280
X: 1308 , Y: 276
X: 1317 , Y: 276
X: 1326 , Y: 279
X: 1335 , Y: 285
X: 1344 , Y: 294
X: 1353 , Y: 306
X: 1366 , Y: 329
X: 1366 , Y: 348
X: 1366 , Y: 369
X: 1366 , Y: 393
X: 1366 , Y: 420
X: 1366 , Y: 452
X: 1366 , Y: 470
X: 1366 , Y: 470
X: 1366 , Y: 470
X: 1366 , Y: 470
X: 1366 , Y: 470
X: 1366 , Y: 470
X: 1366 , Y: 470
X: 1366 , Y: 470
X: 1366 , Y: 470
X: 1366 , Y: 470
X: 1366 , Y: 470
X: 1375 , Y: 470
X: 1384 , Y: 470
X: 1393 , Y: 470
X: 1402 , Y: 470
X: 1416 , Y: 470
X: 1425 , Y: 470
X: 1434 , Y: 470
X: 1443 , Y: 470
X: 1452 , Y: 470
X: 1461 , Y: 470
X: 1470 , Y: 470
X: 1484 , Y: 470
X: 1493 , Y: 470
X: 1502 , Y: 470
X: 1511 , Y: 470
X: 1511 , Y: 470
X: 1511 , Y: 470
X: 1511 , Y: 470
X: 1511 , Y: 470
X: 1511 , Y: 470
X: 1511 , Y: 470
X: 1501 , Y: 470
X: 1491 , Y: 470
X: 1481 , Y: 470
X: 1471 , Y: 470
X: 1456 , Y: 470
X: 1446 , Y: 470
X: 1436 , Y: 470
X: 1426 , Y: 470
X: 1416 , Y: 470
X: 1406 , Y: 470
X: 1396 , Y: 470
X: 1381 , Y: 470
X: 1371 , Y: 470
X: 1361 , Y: 470
X: 1351 , Y: 470
X: 1341 , Y: 470
X: 1331 , Y: 470
X: 1321 , Y: 470
X: 1307 , Y: 470
X: 1297 , Y: 470
X: 1287 , Y: 470
X: 1277 , Y: 470
X: 1267 , Y: 470
X: 1257 , Y: 470
X: 1247 , Y: 470
X: 1237 , Y: 470
X: 1222 , Y: 470
X: 1212 , Y: 470
X: 1202 , Y: 470
X: 1192 , Y: 470
X: 1182 , Y: 470
X: 1172 , Y: 470
X: 1162 , Y: 470
X: 1148 , Y: 470
X: 1138 , Y: 470
X: 1128 , Y: 470
X: 1118 , Y: 470
X: 1108 , Y: 470
X: 1098 , Y: 470
X: 1088 , Y: 470
X: 1073 , Y: 423
X: 1063 , Y: 395
X: 1053 , Y: 370
X: 1043 , Y: 347
X: 1033 , Y: 328
X: 1023 , Y: 312
X: 1013 , Y: 299
X: 998 , Y: 284
X: 988 , Y: 277
X: 978 , Y: 273
X: 968 , Y: 273
X: 958 , Y: 276
X: 948 , Y: 282
X: 938 , Y: 291
X: 923 , Y: 309
X: 913 , Y: 324
X: 903 , Y: 342
X: 893 , Y: 363
X: 883 , Y: 388
X: 873 , Y: 415
X: 863 , Y: 446
X: 848 , Y: 470
X: 838 , Y: 470
X: 828 , Y: 470
X: 818 , Y: 470
X: 808 , Y: 470
X: 798 , Y: 470
X: 788 , Y: 470
X: 773 , Y: 470
X: 763 , Y: 470
X: 753 , Y: 470
X: 743 , Y: 470
X: 733 , Y: 470
X: 723 , Y: 470
X: 713 , Y: 470
X: 698 , Y: 470
X: 688 , Y: 470
X: 678 , Y: 470
X: 668 , Y: 470
X: 658 , Y: 470
X: 648 , Y: 470
X: 638 , Y: 470
X: 623 , Y: 470
X: 613 , Y: 470
X: 603 , Y: 470
X: 593 , Y: 470
X: 583 , Y: 470
X: 573 , Y: 470
X: 563 , Y: 470
X: 553 , Y: 470
X: 538 , Y: 470
X: 528 , Y: 470
X: 518 , Y: 470
X: 508 , Y: 470
X: 498 , Y: 470
X: 488 , Y: 470
X: 478 , Y: 470
X: 463 , Y: 470
X: 453 , Y: 470
X: 443 , Y: 470
X: 433 , Y: 470
X: 423 , Y: 470
X: 413 , Y: 470
X: 403 , Y: 470
X: 389 , Y: 470
X: 379 , Y: 470
X: 369 , Y: 470
X: 359 , Y: 470
X: 349 , Y: 470
X: 339 , Y: 470
X: 329 , Y: 470
X: 314 , Y: 470
X: 304 , Y: 470
X: 294 , Y: 470
X: 284 , Y: 470
X: 274 , Y: 470
X: 283 , Y: 470
X: 292 , Y: 470
X: 306 , Y: 470
X: 315 , Y: 470
X: 324 , Y: 470
X: 333 , Y: 470
X: 342 , Y: 470
X: 351 , Y: 470
X: 360 , Y: 470
X: 374 , Y: 470
X: 383 , Y: 470
X: 392 , Y: 470
X: 401 , Y: 470
X: 410 , Y: 470
X: 419 , Y: 470
X: 428 , Y: 470
X: 442 , Y: 470
X: 451 , Y: 470
X: 460 , Y: 470
X: 469 , Y: 470
X: 478 , Y: 470
X: 487 , Y: 470
X: 496 , Y: 470
X: 510 , Y: 470
X: 519 , Y: 470
X: 528 , Y: 470
X: 537 , Y: 470
X: 546 , Y: 470
X: 555 , Y: 470
X: 564 , Y: 470
X: 578 , Y: 470
X: 587 , Y: 470
X: 596 , Y: 470
X: 605 , Y: 470
X: 614 , Y: 470
X: 623 , Y: 470
X: 632 , Y: 470
X: 641 , Y: 470
X: 655 , Y: 470
X: 664 , Y: 470
X: 673 , Y: 470
X: 682 , Y: 470
X: 691 , Y: 470
X: 700 , Y: 470
X: 709 , Y: 470
X: 723 , Y: 470
X: 732 , Y: 470
X: 741 , Y: 470
X: 750 , Y: 470
X: 759 , Y: 470
X: 768 , Y: 470
X: 777 , Y: 470
X: 791 , Y: 470
X: 800 , Y: 470
X: 809 , Y: 470
X: 818 , Y: 470
X: 827 , Y: 470
X: 836 , Y: 470
X: 845 , Y: 470
X: 858 , Y: 470
X: 867 , Y: 470
X: 876 , Y: 470
X: 885 , Y: 470
X: 894 , Y: 470
X: 903 , Y: 470
X: 912 , Y: 470
X: 926 , Y: 470
X: 935 , Y: 470
X: 944 , Y: 470
X: 953 , Y: 470
X: 962 , Y: 470
X: 971 , Y: 470
X: 980 , Y: 470
X: 994 , Y: 470
X: 1003 , Y: 470
X: 1012 , Y: 470
X: 1021 , Y: 470
X: 1030 , Y: 470
X: 1039 , Y: 470
X: 1048 , Y: 470
X: 1062 , Y: 470
X: 1071 , Y: 470
X: 1080 , Y: 470
X: 1089 , Y: 470
X: 1098 , Y: 470
X: 1107 , Y: 470
X: 1116 , Y: 470
X: 1130 , Y: 470
X: 1139 , Y: 470
X: 1148 , Y: 470
X: 1157 , Y: 470
X: 1166 , Y: 470
X: 1175 , Y: 470
X: 1184 , Y: 470
X: 1198 , Y: 470
X: 1207 , Y: 470
X: 1216 , Y: 439
X: 1225 , Y: 411
X: 1234 , Y: 386
X: 1243 , Y: 363
X: 1252 , Y: 344
X: 1266 , Y: 320
X: 1275 , Y: 307
X: 1284 , Y: 297
X: 1293 , Y: 290
X: 1302 , Y: 286
X: 1311 , Y: 286
X: 1320 , Y: 289
X: 1329 , Y: 295
X: 1343 , Y: 309
X: 1352 , Y: 321
X: 1361 , Y: 336
X: 1370 , Y: 354
X: 1379 , Y: 375
X: 1388 , Y: 400
X: 1397 , Y: 427
X: 1411 , Y: 470
X: 1420 , Y: 470
X: 1429 , Y: 470
X: 1438 , Y: 470
X: 1447 , Y: 470
X: 1456 , Y: 470
X: 1465 , Y: 439
X: 1479 , Y: 396
X: 1488 , Y: 371
X: 1497 , Y: 348
X: 1506 , Y: 329
X: 1515 , Y: 313
X: 1524 , Y: 300
X: 1533 , Y: 290
X: 1546 , Y: 280
X: 1555 , Y: 276
X: 1564 , Y: 276
X: 1573 , Y: 279
X: 1582 , Y: 285
X: 1591 , Y: 294
X: 1600 , Y: 306
X: 1614 , Y: 329
X: 1623 , Y: 347
X: 1632 , Y: 368
X: 1641 , Y: 393
X: 1650 , Y: 420
X: 1659 , Y: 451
X: 1668 , Y: 470
X: 1682 , Y: 470
X: 1691 , Y: 470
X: 1700 , Y: 470
X: 1709 , Y: 470
X: 1718 , Y: 470
X: 1727 , Y: 470
X: 1736 , Y: 470
X: 1750 , Y: 470
X: 1759 , Y: 470
X: 1768 , Y: 470
X: 1777 , Y: 470
X: 1786 , Y: 470
X: 1795 , Y: 470
X: 1804 , Y: 470
X: 1818 , Y: 470
X: 1827 , Y: 470
X: 1836 , Y: 470
X: 1845 , Y: 438
X: 1854 , Y: 410
X: 1863 , Y: 385
X: 1872 , Y: 363
X: 1881 , Y: 343
X: 1895 , Y: 319
X: 1904 , Y: 306
X: 1913 , Y: 296
X: 1922 , Y: 289
X: 1931 , Y: 285
X: 1940 , Y: 285
X: 1954 , Y: 289
X: 1963 , Y: 295
X: 1972 , Y: 304
X: 1981 , Y: 316
X: 1990 , Y: 332
X: 1999 , Y: 350
X: 2008 , Y: 371
X: 2017 , Y: 395
X: 2031 , Y: 437
X: 2040 , Y: 469
X: 2049 , Y: 470
X: 2058 , Y: 470
X: 2067 , Y: 470
X: 2076 , Y: 470
X: 2085 , Y: 470
X: 2099 , Y: 470
X: 2108 , Y: 470
X: 2117 , Y: 470
X: 2126 , Y: 470
X: 2135 , Y: 470
X: 2144 , Y: 470
X: 2153 , Y: 470
X: 2167 , Y: 470
X: 2176 , Y: 470
X: 2185 , Y: 470
X: 2194 , Y: 470
X: 2203 , Y: 470
X: 2212 , Y: 470
X: 2221 , Y: 470
X: 2234 , Y: 470
X: 2243 , Y: 470
X: 2252 , Y: 470
X: 2261 , Y: 470
X: 2270 , Y: 470
X: 2279 , Y: 470
X: 2288 , Y: 470
X: 2302 , Y: 470
X: 2311 , Y: 470
X: 2320 , Y: 470
X: 2329 , Y: 470
X: 2338 , Y: 470
X: 2347 , Y: 439
X: 2356 , Y: 411
X: 2370 , Y: 373
X: 2379 , Y: 351
X: 2388 , Y: 331
X: 2397 , Y: 315
X: 2406 , Y: 302
X: 2415 , Y: 292
X: 2424 , Y: 285
X: 2438 , Y: 280
X: 2447 , Y: 280
X: 2456 , Y: 283
X: 2465 , Y: 289
X: 2474 , Y: 298
X: 2483 , Y: 310
X: 2492 , Y: 325
X: 2506 , Y: 353
X: 2515 , Y: 374
X: 2524 , Y: 398
X: 2533 , Y: 426
X: 2542 , Y: 457
X: 2551 , Y: 470
X: 2560 , Y: 470
X: 2574 , Y: 470
X: 2583 , Y: 470
X: 2592 , Y: 470
X: 2601 , Y: 470
X: 2610 , Y: 470
X: 2619 , Y: 470
X: 2628 , Y: 470
X: 2637 , Y: 470
X: 2651 , Y: 470
X: 2660 , Y: 470
X: 2669 , Y: 470
X: 2678 , Y: 470
X: 2687 , Y: 470
X: 2696 , Y: 470
X: 2705 , Y: 470
X: 2719 , Y: 470
X: 2728 , Y: 470
X: 2737 , Y: 470
X: 2746 , Y: 470
X: 2755 , Y: 470
X: 2764 , Y: 470
X: 2773 , Y: 470
X: 2787 , Y: 470
X: 2796 , Y: 470
X: 2805 , Y: 470
X: 2814 , Y: 470
X: 2823 , Y: 470
X: 2832 , Y: 470
X: 2841 , Y: 470
X: 2855 , Y: 470
X: 2864 , Y: 470
X: 2873 , Y: 470
X: 2882 , Y: 470
X: 2891 , Y: 470
X: 2900 , Y: 470
X: 2909 , Y: 470
X: 2922 , Y: 470
X: 2931 , Y: 470
X: 2940 , Y: 470
X: 2949 , Y: 470
X: 2958 , Y: 470
X: 2967 , Y: 470
X: 2976 , Y: 470
X: 2990 , Y: 470
X: 2999 , Y: 470
X: 3008 , Y: 470
X: 3017 , Y: 470
X: 3026 , Y: 470
X: 3035 , Y: 470
X: 3044 , Y: 470
X: 3058 , Y: 470
X: 3067 , Y: 470
X: 3076 , Y: 470
X: 3085 , Y: 470
X: 3094 , Y: 470
X: 3103 , Y: 470
X: 3112 , Y: 470
X: 3126 , Y: 470
X: 3135 , Y: 470
X: 3144 , Y: 470
X: 3153 , Y: 470
X: 3162 , Y: 470
X: 3171 , Y: 470
X: 3180 , Y: 470
X: 3189 , Y: 470
X: 3203 , Y: 470
X: 3212 , Y: 470
X: 3221 , Y: 470
X: 3230 , Y: 470
X: 3239 , Y: 470
X: 3248 , Y: 470
X: 3262 , Y: 470
X: 3271 , Y: 470
X: 3280 , Y: 470
X: 3289 , Y: 470
X: 3298 , Y: 470
X: 3307 , Y: 470
X: 3316 , Y: 470
X: 3325 , Y: 470
X: 3339 , Y: 470
X: 3348 , Y: 470
X: 3357 , Y: 470
X: 3366 , Y: 470
X: 3375 , Y: 470
X: 3384 , Y: 470
X: 3393 , Y: 470
X: 3407 , Y: 470
X: 3416 , Y: 470
X: 3425 , Y: 470
X: 3434 , Y: 470
X: 3443 , Y: 470
X: 3452 , Y: 470
X: 3461 , Y: 470
X: 3475 , Y: 470
X: 3484 , Y: 470
X: 3493 , Y: 470
X: 3502 , Y: 470
X: 3511 , Y: 470
X: 3520 , Y: 470
X: 3529 , Y: 470
X: 3543 , Y: 470
X: 3552 , Y: 470
X: 3561 , Y: 470
X: 3570 , Y: 470
X: 3579 , Y: 470
X: 3588 , Y: 470
X: 3597 , Y: 470
X: 3610 , Y: 470
X: 3619 , Y: 470
X: 3628 , Y: 470
X: 3637 , Y: 470
X: 3646 , Y: 470
X: 3655 , Y: 470
X: 3664 , Y: 470
X: 3678 , Y: 470
X: 3687 , Y: 470
X: 3696 , Y: 439
X: 3705 , Y: 410
X: 3714 , Y: 385
X: 3723 , Y: 363
X: 3732 , Y: 344
X: 3746 , Y: 320
X: 3755 , Y: 307
X: 3764 , Y: 297
X: 3773 , Y: 290
X: 3782 , Y: 286
X: 3791 , Y: 286
X: 3800 , Y: 289
X: 3809 , Y: 295
X: 3823 , Y: 309
X: 3832 , Y: 321
X: 3841 , Y: 336
X: 3850 , Y: 355
X: 3859 , Y: 376
X: 3868 , Y: 400
X: 3877 , Y: 427
X: 3891 , Y: 470
X: 3900 , Y: 470
X: 3909 , Y: 470
X: 3918 , Y: 470
X: 3927 , Y: 470
X: 3936 , Y: 439
X: 3945 , Y: 410
X: 3959 , Y: 372
X: 3968 , Y: 350
X: 3977 , Y: 331
X: 3986 , Y: 315
X: 3995 , Y: 302
X: 4004 , Y: 292
X: 4013 , Y: 285
X: 4027 , Y: 280
X: 4036 , Y: 280
X: 4045 , Y: 283
X: 4054 , Y: 289
X: 4063 , Y: 298
X: 4072 , Y: 310
X: 4081 , Y: 325
X: 4095 , Y: 353
X: 4104 , Y: 375
X: 4113 , Y: 399
X: 4122 , Y: 426
X: 4131 , Y: 457
X: 4140 , Y: 470
X: 4149 , Y: 470
X: 4163 , Y: 470
X: 4172 , Y: 439
X: 4181 , Y: 411
X: 4190 , Y: 386
X: 4199 , Y: 363
X: 4208 , Y: 344
X: 4217 , Y: 328
X: 4231 , Y: 309
X: 4240 , Y: 299
X: 4249 , Y: 292
X: 4258 , Y: 288
X: 4267 , Y: 288
X: 4276 , Y: 291
X: 4285 , Y: 297
X: 4298 , Y: 310
X: 4307 , Y: 322
X: 4316 , Y: 337
X: 4325 , Y: 355
X: 4334 , Y: 376
X: 4343 , Y: 401
X: 4343 , Y: 428
X: 4343 , Y: 470
X: 4343 , Y: 470
X: 4343 , Y: 470
X: 4343 , Y: 470
X: 4343 , Y: 470
X: 4352 , Y: 470
X: 4361 , Y: 470
X: 4375 , Y: 470
X: 4384 , Y: 470
X: 4393 , Y: 470
X: 4402 , Y: 470
X: 4411 , Y: 470
X: 4420 , Y: 470
X: 4429 , Y: 470
X: 4443 , Y: 470
X: 4452 , Y: 470
X: 4461 , Y: 470
X: 4470 , Y: 470
X: 4479 , Y: 470
X: 4488 , Y: 470
X: 4497 , Y: 470
X: 4506 , Y: 470
X: 4520 , Y: 470
X: 4529 , Y: 470
X: 4538 , Y: 470
X: 4547 , Y: 470
X: 4556 , Y: 470
X: 4565 , Y: 470
X: 4574 , Y: 470
X: 4588 , Y: 470
X: 4597 , Y: 470
X: 4606 , Y: 470
X: 4615 , Y: 470
X: 4624 , Y: 470
X: 4633 , Y: 470
X: 4642 , Y: 470
X: 4656 , Y: 470
X: 4665 , Y: 470
X: 4674 , Y: 470
X: 4683 , Y: 470
X: 4692 , Y: 470
X: 4701 , Y: 470
X: 4710 , Y: 470
X: 4724 , Y: 470
X: 4733 , Y: 470
X: 4742 , Y: 470
X: 4751 , Y: 470
X: 4760 , Y: 470
X: 4769 , Y: 470
X: 4778 , Y: 470
X: 4792 , Y: 470
X: 4801 , Y: 470
X: 4810 , Y: 470
X: 4819 , Y: 470
X: 4828 , Y: 470
X: 4837 , Y: 470
X: 4846 , Y: 470
X: 4860 , Y: 470
X: 4869 , Y: 470
X: 4878 , Y: 470
X: 4887 , Y: 470
X: 4896 , Y: 470
X: 4905 , Y: 470
X: 4914 , Y: 470
X: 4927 , Y: 470
X: 4936 , Y: 470
X: 4945 , Y: 470
X: 4954 , Y: 470
X: 4963 , Y: 470
X: 4972 , Y: 470
X: 4981 , Y: 470
X: 4995 , Y: 470
X: 5004 , Y: 470
X: 5013 , Y: 470
X: 5022 , Y: 470
X: 5031 , Y: 470
X: 5040 , Y: 470
X: 5049 , Y: 470
X: 5063 , Y: 470
X: 5072 , Y: 470
X: 5081 , Y: 470
X: 5090 , Y: 470
X: 5099 , Y: 470
X: 5108 , Y: 470
X: 5117 , Y: 470
X: 5131 , Y: 470
X: 5140 , Y: 470
X: 5149 , Y: 470
X: 5158 , Y: 470
X: 5167 , Y: 470
X: 5176 , Y: 470
X: 5185 , Y: 470
X: 5199 , Y: 470
X: 5208 , Y: 470
X: 5217 , Y: 470
X: 5226 , Y: 470
X: 5235 , Y: 470
X: 5244 , Y: 470
X: 5253 , Y: 470
X: 5262 , Y: 470
X: 5276 , Y: 470
X: 5285 , Y: 470
X: 5294 , Y: 470
X: 5303 , Y: 470
X: 5312 , Y: 470
X: 5321 , Y: 470
X: 5330 , Y: 470
X: 5344 , Y: 470
X: 5353 , Y: 470
X: 5362 , Y: 470
X: 5371 , Y: 470
X: 5380 , Y: 470
X: 5389 , Y: 470
X: 5398 , Y: 470
X: 5412 , Y: 470
X: 5421 , Y: 470
X: 5430 , Y: 470
X: 5439 , Y: 470
X: 5448 , Y: 470
X: 5457 , Y: 470
X: 5466 , Y: 470
X: 5480 , Y: 470
X: 5489 , Y: 470
X: 5498 , Y: 470
X: 5507 , Y: 470
X: 5516 , Y: 470
X: 5525 , Y: 470
X: 5534 , Y: 470
X: 5548 , Y: 470
X: 5557 , Y: 470
X: 5566 , Y: 470
X: 5575 , Y: 470
X: 5584 , Y: 470
X: 5593 , Y: 470
X: 5602 , Y: 470
X: 5615 , Y: 470
X: 5624 , Y: 470
X: 5633 , Y: 470
X: 5642 , Y: 470
X: 5651 , Y: 470
X: 5660 , Y: 470
X: 5669 , Y: 470
X: 5683 , Y: 470
X: 5692 , Y: 470
X: 5701 , Y: 470
X: 5710 , Y: 470
X: 5719 , Y: 470
X: 5728 , Y: 470
X: 5737 , Y: 470
X: 5751 , Y: 470
X: 5760 , Y: 470
X: 5769 , Y: 470
X: 5778 , Y: 470
X: 5787 , Y: 470
X: 5796 , Y: 470
X: 5805 , Y: 470
X: 5814 , Y: 470
X: 5828 , Y: 470
X: 5837 , Y: 470
X: 5846 , Y: 470
X: 5855 , Y: 470
X: 5864 , Y: 470
X: 5873 , Y: 470
X: 5882 , Y: 470
X: 5896 , Y: 470
X: 5905 , Y: 470
X: 5914 , Y: 470
X: 5923 , Y: 470
X: 5932 , Y: 470
X: 5941 , Y: 470
X: 5950 , Y: 470
X: 5964 , Y: 470
X: 5973 , Y: 470
X: 5982 , Y: 470
X: 5991 , Y: 470
X: 6000 , Y: 470
X: 6009 , Y: 470
X: 6018 , Y: 470
X: 6032 , Y: 470
X: 6041 , Y: 470
X: 6050 , Y: 470
X: 6059 , Y: 470
X: 6068 , Y: 470
X: 6077 , Y: 470
X: 6086 , Y: 470
X: 6100 , Y: 470
X: 6109 , Y: 470
X: 6118 , Y: 470
X: 6127 , Y: 470
X: 6136 , Y: 470
X: 6145 , Y: 470
X: 6154 , Y: 470
X: 6168 , Y: 470
X: 6177 , Y: 470
X: 6186 , Y: 470
X: 6195 , Y: 470
X: 6204 , Y: 470
X: 6213 , Y: 470
X: 6222 , Y: 470
X: 6236 , Y: 470
X: 6245 , Y: 470
X: 6254 , Y: 470
X: 6263 , Y: 470
X: 6272 , Y: 470
X: 6281 , Y: 470
X: 6290 , Y: 470
X: 6303 , Y: 470
X: 6312 , Y: 470
X: 6321 , Y: 470
X: 6330 , Y: 470
X: 6339 , Y: 470
X: 6348 , Y: 470
X: 6357 , Y: 470
X: 6371 , Y: 470
X: 6380 , Y: 470
X: 6389 , Y: 470
X: 6398 , Y: 470
X: 6407 , Y: 470
X: 6416 , Y: 470
X: 6425 , Y: 470
X: 6439 , Y: 470
X: 6448 , Y: 470
X: 6457 , Y: 470
X: 6466 , Y: 470
X: 6475 , Y: 470
X: 6484 , Y: 470
X: 6493 , Y: 470
X: 6507 , Y: 470
X: 6516 , Y: 470
X: 6525 , Y: 470
X: 6534 , Y: 470
X: 6543 , Y: 470
X: 6552 , Y: 470
X: 6561 , Y: 470
X: 6579 , Y: 470
X: 6588 , Y: 470
X: 6597 , Y: 470
X: 6606 , Y: 470
X: 6615 , Y: 470
X: 6624 , Y: 470
X: 6633 , Y: 470
X: 6647 , Y: 470
X: 6656 , Y: 470
X: 6665 , Y: 470
X: 6674 , Y: 470
X: 6683 , Y: 470
X: 6692 , Y: 470
X: 6701 , Y: 470
X: 6715 , Y: 470
X: 6724 , Y: 470
X: 6733 , Y: 470
X: 6742 , Y: 470
X: 6751 , Y: 470
X: 6760 , Y: 470
X: 6769 , Y: 470
X: 6778 , Y: 470
X: 6792 , Y: 470
X: 6801 , Y: 470
X: 6810 , Y: 470
X: 6819 , Y: 470
X: 6828 , Y: 470
X: 6837 , Y: 470
X: 6846 , Y: 470
X: 6860 , Y: 470
X: 6869 , Y: 470
X: 6878 , Y: 470
X: 6887 , Y: 470
X: 6896 , Y: 470
X: 6905 , Y: 470
X: 6914 , Y: 470
X: 6928 , Y: 470
X: 6937 , Y: 470
X: 6946 , Y: 470
X: 6955 , Y: 470
X: 6964 , Y: 470
X: 6973 , Y: 470
X: 6982 , Y: 470
X: 6996 , Y: 470
X: 7005 , Y: 470
X: 7014 , Y: 470
X: 7023 , Y: 470
X: 7032 , Y: 470
X: 7041 , Y: 470
X: 7050 , Y: 470
X: 7063 , Y: 470
X: 7072 , Y: 470
X: 7081 , Y: 470
X: 7090 , Y: 470
X: 7099 , Y: 470
X: 7108 , Y: 470
X: 7117 , Y: 470
X: 7131 , Y: 470
X: 7140 , Y: 470
X: 7149 , Y: 470
X: 7158 , Y: 470
X: 7167 , Y: 470
X: 7176 , Y: 470
X: 7185 , Y: 470
X: 7199 , Y: 470
X: 7208 , Y: 470
X: 7217 , Y: 470
X: 7226 , Y: 470
X: 7235 , Y: 470
X: 7244 , Y: 470
X: 7253 , Y: 470
X: 7267 , Y: 470
X: 7276 , Y: 470
X: 7285 , Y: 470
X: 7294 , Y: 470
X: 7303 , Y: 470
X: 7312 , Y: 470
X: 7321 , Y: 470
X: 7335 , Y: 470
X: 7344 , Y: 470
X: 7353 , Y: 470
X: 7362 , Y: 470
X: 7371 , Y: 470
X: 7380 , Y: 470
X: 7389 , Y: 470
X: 7398 , Y: 470
X: 7412 , Y: 470
X: 7421 , Y: 470
X: 7430 , Y: 470
X: 7439 , Y: 470
X: 7448 , Y: 470
X: 7457 , Y: 470
X: 7466 , Y: 470
X: 7480 , Y: 470
X: 7489 , Y: 470
X: 7498 , Y: 470
X: 7507 , Y: 470
X: 7516 , Y: 470
X: 7525 , Y: 470
X: 7534 , Y: 470
X: 7548 , Y: 470
X: 7557 , Y: 470
X: 7566 , Y: 470
X: 7575 , Y: 470
X: 7584 , Y: 470
X: 7593 , Y: 470
X: 7602 , Y: 470
X: 7616 , Y: 470
X: 7625 , Y: 470
X: 7634 , Y: 470
X: 7643 , Y: 470
X: 7652 , Y: 470
X: 7661 , Y: 470
X: 7670 , Y: 470
X: 7684 , Y: 470
X: 7693 , Y: 470
X: 7702 , Y: 470
X: 7711 , Y: 470
X: 7720 , Y: 470
X: 7729 , Y: 470
X: 7738 , Y: 470
X: 7738 , Y: 470
X: 7738 , Y: 470
X: 7728 , Y: 470
X: 7718 , Y: 470
X: 7708 , Y: 470
X: 7698 , Y: 470
X: 7688 , Y: 470
X: 7673 , Y: 470
X: 7663 , Y: 470
X: 7653 , Y: 470
X: 7643 , Y: 470
X: 7633 , Y: 470
X: 7623 , Y: 470
X: 7613 , Y: 470
X: 7598 , Y: 470
X: 7588 , Y: 470
X: 7578 , Y: 470
X: 7568 , Y: 470
X: 7558 , Y: 470
X: 7548 , Y: 470
X: 7538 , Y: 470
X: 7523 , Y: 470
X: 7513 , Y: 470
X: 7503 , Y: 470
X: 7493 , Y: 470
X: 7483 , Y: 470
X: 7473 , Y: 470
X: 7463 , Y: 470
X: 7448 , Y: 470
X: 7438 , Y: 470
X: 7428 , Y: 470
X: 7418 , Y: 470
X: 7408 , Y: 470
X: 7398 , Y: 470
X: 7388 , Y: 470
X: 7373 , Y: 470
X: 7363 , Y: 470
X: 7353 , Y: 470
X: 7343 , Y: 470
X: 7333 , Y: 470
X: 7323 , Y: 470
X: 7313 , Y: 470
X: 7298 , Y: 470
X: 7288 , Y: 470
X: 7278 , Y: 470
X: 7268 , Y: 470
X: 7258 , Y: 470
X: 7248 , Y: 470
X: 7238 , Y: 470
X: 7223 , Y: 470
X: 7213 , Y: 470
X: 7203 , Y: 470
X: 7193 , Y: 470
X: 7183 , Y: 470
X: 7173 , Y: 470
X: 7163 , Y: 470
X: 7153 , Y: 470
X: 7138 , Y: 470
X: 7128 , Y: 470
X: 7118 , Y: 470
X: 7108 , Y: 470
X: 7098 , Y: 470
X: 7088 , Y: 470
X: 7078 , Y: 470
X: 7063 , Y: 470
X: 7053 , Y: 470
X: 7043 , Y: 470
X: 7033 , Y: 470
X: 7023 , Y: 470
X: 7013 , Y: 470
X: 7003 , Y: 470
X: 6989 , Y: 470
X: 6979 , Y: 470
X: 6969 , Y: 470
X: 6959 , Y: 470
X: 6949 , Y: 470
X: 6939 , Y: 470
X: 6929 , Y: 470
X: 6914 , Y: 470
X: 6904 , Y: 470
X: 6894 , Y: 470
X: 6884 , Y: 470
X: 6874 , Y: 470
X: 6864 , Y: 470
X: 6854 , Y: 439
X: 6839 , Y: 396
X: 6829 , Y: 371
X: 6819 , Y: 348
X: 6809 , Y: 329
X: 6799 , Y: 313
X: 6789 , Y: 300
X: 6779 , Y: 290
X: 6764 , Y: 280
X: 6754 , Y: 276
X: 6744 , Y: 276
X: 6734 , Y: 279
X: 6724 , Y: 285
X: 6714 , Y: 294
X: 6704 , Y: 306
X: 6689 , Y: 329
X: 6679 , Y: 347
X: 6669 , Y: 368
X: 6659 , Y: 393
X: 6649 , Y: 420
X: 6639 , Y: 451
X: 6629 , Y: 470
X: 6619 , Y: 470
X: 6604 , Y: 470
X: 6594 , Y: 470
X: 6584 , Y: 470
X: 6574 , Y: 470
X: 6564 , Y: 438
X: 6554 , Y: 410
X: 6539 , Y: 372
X: 6529 , Y: 350
X: 6519 , Y: 331
X: 6509 , Y: 315
X: 6499 , Y: 302
X: 6489 , Y: 292
X: 6479 , Y: 285
X: 6469 , Y: 281
X: 6454 , Y: 281
X: 6444 , Y: 284
X: 6434 , Y: 290
X: 6424 , Y: 299
X: 6414 , Y: 311
X: 6404 , Y: 327
X: 6394 , Y: 345
X: 6379 , Y: 377
X: 6369 , Y: 401
X: 6359 , Y: 428
X: 6349 , Y: 459
X: 6339 , Y: 470
X: 6329 , Y: 470
X: 6319 , Y: 470
X: 6304 , Y: 470
X: 6294 , Y: 470
X: 6284 , Y: 470
X: 6274 , Y: 470
X: 6264 , Y: 470
X: 6254 , Y: 439
X: 6244 , Y: 410
X: 6230 , Y: 373
X: 6220 , Y: 350
X: 6210 , Y: 331
X: 6200 , Y: 315
X: 6190 , Y: 302
X: 6180 , Y: 292
X: 6170 , Y: 285
X: 6155 , Y: 280
X: 6145 , Y: 280
X: 6135 , Y: 283
X: 6125 , Y: 289
X: 6115 , Y: 298
X: 6105 , Y: 310
X: 6095 , Y: 325
X: 6080 , Y: 353
X: 6070 , Y: 374
X: 6060 , Y: 399
X: 6050 , Y: 426
X: 6040 , Y: 457
X: 6030 , Y: 470
X: 6020 , Y: 470
X: 6005 , Y: 470
X: 5995 , Y: 439
X: 5985 , Y: 411
X: 5975 , Y: 386
X: 5965 , Y: 363
X: 5955 , Y: 344
X: 5945 , Y: 328
X: 5930 , Y: 309
X: 5920 , Y: 299
X: 5910 , Y: 292
X: 5900 , Y: 288
X: 5890 , Y: 288
X: 5880 , Y: 291
X: 5870 , Y: 297
X: 5855 , Y: 311
X: 5845 , Y: 323
X: 5835 , Y: 338
X: 5825 , Y: 356
X: 5815 , Y: 377
X: 5805 , Y: 402
X: 5795 , Y: 429
X: 5785 , Y: 460
X: 5770 , Y: 470
X: 5760 , Y: 470
X: 5750 , Y: 470
X: 5740 , Y: 470
X: 5730 , Y: 470
X: 5720 , Y: 439
X: 5710 , Y: 411
X: 5695 , Y: 373
X: 5685 , Y: 350
X: 5675 , Y: 331
X: 5665 , Y: 315
X: 5655 , Y: 302
X: 5645 , Y: 292
X: 5635 , Y: 285
X: 5620 , Y: 280
X: 5610 , Y: 280
X: 5600 , Y: 283
X: 5590 , Y: 289
X: 5580 , Y: 298
X: 5570 , Y: 310
X: 5560 , Y: 325
X: 5545 , Y: 353
X: 5535 , Y: 374
X: 5525 , Y: 399
X: 5515 , Y: 426
X: 5505 , Y: 457
X: 5495 , Y: 470
X: 5485 , Y: 470
X: 5471 , Y: 470
X: 5461 , Y: 470
X: 5451 , Y: 439
X: 5441 , Y: 411
X: 5431 , Y: 386
X: 5421 , Y: 363
X: 5411 , Y: 344
X: 5396 , Y: 320
X: 5386 , Y: 307
X: 5376 , Y: 297
X: 5366 , Y: 290
X: 5356 , Y: 286
X: 5346 , Y: 286
X: 5336 , Y: 289
X: 5321 , Y: 298
X: 5311 , Y: 307
X: 5301 , Y: 319
X: 5291 , Y: 334
X: 5281 , Y: 352
X: 5271 , Y: 373
X: 5261 , Y: 398
X: 5246 , Y: 440
X: 5236 , Y: 470
X: 5226 , Y: 470
X: 5216 , Y: 470
X: 5206 , Y: 470
X: 5196 , Y: 439
X: 5186 , Y: 411
X: 5176 , Y: 386
X: 5161 , Y: 353
X: 5151 , Y: 334
X: 5141 , Y: 318
X: 5131 , Y: 305
X: 5121 , Y: 295
X: 5111 , Y: 288
X: 5101 , Y: 284
X: 5086 , Y: 284
X: 5076 , Y: 287
X: 5066 , Y: 293
X: 5056 , Y: 302
X: 5046 , Y: 314
X: 5036 , Y: 329
X: 5026 , Y: 347
X: 5011 , Y: 379
X: 5001 , Y: 403
X: 4991 , Y: 430
X: 4981 , Y: 462
X: 4971 , Y: 470
X: 4961 , Y: 470
X: 4951 , Y: 470
X: 4936 , Y: 470
X: 4926 , Y: 438
X: 4916 , Y: 410
X: 4906 , Y: 385
X: 4896 , Y: 363
X: 4886 , Y: 343
X: 4876 , Y: 327
X: 4861 , Y: 308
X: 4851 , Y: 298
X: 4841 , Y: 291
X: 4831 , Y: 287
X: 4821 , Y: 287
X: 4811 , Y: 290
X: 4801 , Y: 296
X: 4786 , Y: 310
X: 4776 , Y: 322
X: 4766 , Y: 338
X: 4756 , Y: 356
X: 4746 , Y: 377
X: 4736 , Y: 401
X: 4726 , Y: 429
X: 4712 , Y: 470
X: 4702 , Y: 470
X: 4692 , Y: 470
X: 4682 , Y: 470
X: 4672 , Y: 439
X: 4662 , Y: 410
X: 4652 , Y: 385
X: 4637 , Y: 352
X: 4627 , Y: 333
X: 4617 , Y: 317
X: 4607 , Y: 304
X: 4597 , Y: 294
X: 4587 , Y: 287
X: 4577 , Y: 283
X: 4562 , Y: 283
X: 4552 , Y: 286
X: 4542 , Y: 292
X: 4532 , Y: 301
X: 4522 , Y: 313
X: 4512 , Y: 328
X: 4502 , Y: 347
X: 4492 , Y: 368
X: 4477 , Y: 405
X: 4467 , Y: 432
X: 4457 , Y: 463
X: 4447 , Y: 470
X: 4437 , Y: 470
X: 4427 , Y: 470
X: 4412 , Y: 470
X: 4402 , Y: 470
X: 4392 , Y: 470
X: 4382 , Y: 470
X: 4372 , Y: 470
X: 4362 , Y: 470
X: 4352 , Y: 470
X: 4342 , Y: 470
X: 4327 , Y: 470
X: 4317 , Y: 470
X: 4307 , Y: 470
X: 4297 , Y: 439
X: 4287 , Y: 410
X: 4277 , Y: 385
X: 4267 , Y: 363
X: 4252 , Y: 334
X: 4242 , Y: 318
X: 4232 , Y: 305
X: 4222 , Y: 295
X: 4212 , Y: 288
X: 4202 , Y: 284
X: 4192 , Y: 284
X: 4177 , Y: 288
X: 4167 , Y: 294
X: 4157 , Y: 303
X: 4147 , Y: 315
X: 4137 , Y: 330
X: 4127 , Y: 349
X: 4117 , Y: 370
X: 4102 , Y: 407
X: 4092 , Y: 434
X: 4082 , Y: 465
X: 4072 , Y: 470
X: 4062 , Y: 470
X: 4052 , Y: 470
X: 4042 , Y: 439
X: 4027 , Y: 396
X: 4017 , Y: 371
X: 4007 , Y: 348
X: 3997 , Y: 329
X: 3987 , Y: 313
X: 3977 , Y: 300
X: 3967 , Y: 290
X: 3953 , Y: 280
X: 3943 , Y: 276
X: 3933 , Y: 276
X: 3923 , Y: 279
X: 3913 , Y: 285
X: 3903 , Y: 294
X: 3893 , Y: 306
X: 3878 , Y: 329
X: 3868 , Y: 347
X: 3858 , Y: 368
X: 3848 , Y: 393
X: 3838 , Y: 420
X: 3828 , Y: 451
X: 3818 , Y: 470
X: 3803 , Y: 470
X: 3793 , Y: 470
X: 3783 , Y: 470
X: 3773 , Y: 470
X: 3763 , Y: 470
X: 3753 , Y: 470
X: 3743 , Y: 470
X: 3728 , Y: 470
X: 3718 , Y: 470
X: 3708 , Y: 470
X: 3698 , Y: 470
X: 3688 , Y: 470
X: 3678 , Y: 470
X: 3668 , Y: 470
X: 3658 , Y: 439
X: 3643 , Y: 396
X: 3633 , Y: 371
X: 3623 , Y: 348
X: 3613 , Y: 329
X: 3603 , Y: 313
X: 3593 , Y: 300
X: 3583 , Y: 290
X: 3568 , Y: 280
X: 3558 , Y: 276
X: 3548 , Y: 276
X: 3538 , Y: 279
X: 3528 , Y: 285
X: 3518 , Y: 294
X: 3508 , Y: 306
X: 3493 , Y: 329
X: 3483 , Y: 347
X: 3473 , Y: 368
X: 3463 , Y: 393
X: 3453 , Y: 420
X: 3443 , Y: 451
X: 3433 , Y: 470
X: 3418 , Y: 470
X: 3408 , Y: 470
X: 3398 , Y: 439
X: 3388 , Y: 411
X: 3378 , Y: 386
X: 3368 , Y: 363
X: 3358 , Y: 344
X: 3343 , Y: 320
X: 3333 , Y: 307
X: 3323 , Y: 297
X: 3313 , Y: 290
X: 3303 , Y: 286
X: 3293 , Y: 286
X: 3283 , Y: 289
X: 3268 , Y: 298
X: 3258 , Y: 307
X: 3248 , Y: 319
X: 3238 , Y: 334
X: 3228 , Y: 352
X: 3218 , Y: 373
X: 3208 , Y: 398
X: 3194 , Y: 439
X: 3184 , Y: 470
X: 3174 , Y: 470
X: 3164 , Y: 470
X: 3154 , Y: 439
X: 3144 , Y: 410
X: 3134 , Y: 385
X: 3119 , Y: 352
X: 3109 , Y: 333
X: 3099 , Y: 317
X: 3089 , Y: 304
X: 3079 , Y: 294
X: 3069 , Y: 287
X: 3059 , Y: 283
X: 3044 , Y: 283
X: 3034 , Y: 286
X: 3024 , Y: 292
X: 3014 , Y: 301
X: 3004 , Y: 313
X: 2994 , Y: 328
X: 2984 , Y: 347
X: 2974 , Y: 368
X: 2959 , Y: 405
X: 2949 , Y: 432
X: 2939 , Y: 463
X: 2929 , Y: 470
X: 2919 , Y: 439
X: 2909 , Y: 411
X: 2899 , Y: 386
X: 2884 , Y: 353
X: 2874 , Y: 334
X: 2864 , Y: 318
X: 2854 , Y: 305
X: 2844 , Y: 295
X: 2834 , Y: 288
X: 2824 , Y: 284
X: 2809 , Y: 284
X: 2799 , Y: 287
X: 2789 , Y: 293
X: 2779 , Y: 302
X: 2769 , Y: 314
X: 2759 , Y: 329
X: 2749 , Y: 347
X: 2734 , Y: 379
X: 2724 , Y: 403
X: 2714 , Y: 430
X: 2704 , Y: 462
X: 2694 , Y: 470
X: 2684 , Y: 470
X: 2674 , Y: 470
X: 2659 , Y: 470
X: 2649 , Y: 470
X: 2639 , Y: 470
X: 2629 , Y: 470
X: 2619 , Y: 470
X: 2609 , Y: 470
X: 2599 , Y: 470
X: 2584 , Y: 470
X: 2574 , Y: 470
X: 2564 , Y: 470
X: 2554 , Y: 470
X: 2544 , Y: 470
X: 2534 , Y: 470
X: 2524 , Y: 439
X: 2509 , Y: 396
X: 2499 , Y: 371
X: 2489 , Y: 348
X: 2479 , Y: 329
X: 2469 , Y: 313
X: 2459 , Y: 300
X: 2449 , Y: 290
X: 2435 , Y: 280
X: 2425 , Y: 276
X: 2415 , Y: 276
X: 2405 , Y: 279
X: 2395 , Y: 285
X: 2385 , Y: 294
X: 2375 , Y: 306
X: 2360 , Y: 329
X: 2350 , Y: 347
X: 2340 , Y: 368
X: 2330 , Y: 393
X: 2320 , Y: 420
X: 2310 , Y: 451
X: 2300 , Y: 470
X: 2290 , Y: 470
X: 2276 , Y: 470
X: 2266 , Y: 470
X: 2256 , Y: 470
X: 2246 , Y: 470
X: 2236 , Y: 470
X: 2226 , Y: 470
X: 2216 , Y: 470
X: 2201 , Y: 470
X: 2191 , Y: 470
X: 2181 , Y: 470
X: 2171 , Y: 470
X: 2161 , Y: 470
X: 2151 , Y: 470
X: 2141 , Y: 470
X: 2126 , Y: 470
X: 2116 , Y: 470
X: 2106 , Y: 470
X: 2096 , Y: 439
X: 2086 , Y: 411
X: 2076 , Y: 386
X: 2066 , Y: 363
X: 2051 , Y: 334
X: 2041 , Y: 318
X: 2031 , Y: 305
X: 2021 , Y: 295
X: 2011 , Y: 288
X: 2001 , Y: 284
X: 1991 , Y: 284
X: 1976 , Y: 288
X: 1966 , Y: 294
X: 1956 , Y: 303
X: 1946 , Y: 315
X: 1936 , Y: 330
X: 1926 , Y: 348
X: 1916 , Y: 369
X: 1901 , Y: 406
X: 1891 , Y: 434
X: 1881 , Y: 465
X: 1871 , Y: 470
X: 1861 , Y: 470
X: 1851 , Y: 470
X: 1841 , Y: 470
X: 1826 , Y: 470
X: 1816 , Y: 470
X: 1806 , Y: 470
X: 1796 , Y: 470
X: 1786 , Y: 470
X: 1776 , Y: 470
X: 1766 , Y: 470
X: 1751 , Y: 423
X: 1741 , Y: 395
X: 1731 , Y: 369
X: 1721 , Y: 347
X: 1711 , Y: 328
X: 1701 , Y: 312
X: 1691 , Y: 299
X: 1677 , Y: 285
X: 1667 , Y: 278
X: 1657 , Y: 274
X: 1647 , Y: 274
X: 1637 , Y: 277
X: 1627 , Y: 283
X: 1617 , Y: 292
X: 1602 , Y: 310
X: 1592 , Y: 325
X: 1582 , Y: 343
X: 1572 , Y: 365
X: 1562 , Y: 389
X: 1552 , Y: 416
X: 1542 , Y: 447
X: 1527 , Y: 470
X: 1517 , Y: 470
X: 1507 , Y: 470
X: 1497 , Y: 470
X: 1487 , Y: 470
X: 1477 , Y: 470
X: 1467 , Y: 470
X: 1457 , Y: 470
X: 1442 , Y: 423
X: 1432 , Y: 395
X: 1422 , Y: 370
X: 1412 , Y: 347
X: 1402 , Y: 328
X: 1392 , Y: 312
X: 1382 , Y: 299
X: 1367 , Y: 284
X: 1357 , Y: 277
X: 1347 , Y: 273
X: 1337 , Y: 273
X: 1327 , Y: 276
X: 1317 , Y: 282
X: 1307 , Y: 291
X: 1292 , Y: 309
X: 1282 , Y: 324
X: 1272 , Y: 342
X: 1262 , Y: 363
X: 1252 , Y: 388
X: 1242 , Y: 415
X: 1232 , Y: 446
X: 1217 , Y: 470
X: 1207 , Y: 470
X: 1197 , Y: 470
X: 1187 , Y: 470
X: 1177 , Y: 439
X: 1167 , Y: 411
X: 1157 , Y: 386
X: 1142 , Y: 353
X: 1132 , Y: 333
X: 1122 , Y: 317
X: 1112 , Y: 304
X: 1102 , Y: 294
X: 1092 , Y: 287
X: 1082 , Y: 283
X: 1067 , Y: 283
X: 1057 , Y: 286
X: 1047 , Y: 292
X: 1037 , Y: 301
X: 1027 , Y: 313
X: 1017 , Y: 328
X: 1007 , Y: 346
X: 992 , Y: 378
X: 982 , Y: 402
X: 972 , Y: 430
X: 962 , Y: 461
X: 952 , Y: 470
X: 942 , Y: 470
X: 932 , Y: 470
X: 918 , Y: 470
X: 908 , Y: 470
X: 898 , Y: 470
X: 888 , Y: 470
X: 878 , Y: 470
X: 868 , Y: 470
X: 858 , Y: 439
X: 843 , Y: 396
X: 833 , Y: 371
X: 823 , Y: 349
X: 823 , Y: 329
X: 823 , Y: 313
X: 823 , Y: 300
X: 823 , Y: 290
X: 837 , Y: 280
X: 846 , Y: 276
X: 855 , Y: 276
X: 864 , Y: 279
X: 873 , Y: 285
X: 882 , Y: 294
X: 891 , Y: 306
X: 900 , Y: 321
X: 914 , Y: 349
X: 923 , Y: 370
X: 932 , Y: 394
X: 941 , Y: 422
X: 950 , Y: 453
X: 959 , Y: 470
X: 968 , Y: 470
X: 982 , Y: 470
X: 991 , Y: 470
X: 1000 , Y: 470
X: 1009 , Y: 439
X: 1018 , Y: 411
X: 1027 , Y: 386
X: 1036 , Y: 363
X: 1050 , Y: 334
X: 1059 , Y: 318
X: 1068 , Y: 305
X: 1077 , Y: 295
X: 1086 , Y: 288
X: 1095 , Y: 284
X: 1104 , Y: 284
X: 1118 , Y: 288
X: 1127 , Y: 294
X: 1136 , Y: 303
X: 1145 , Y: 315
X: 1154 , Y: 330
X: 1163 , Y: 348
X: 1172 , Y: 369
X: 1186 , Y: 406
X: 1195 , Y: 434
X: 1204 , Y: 465
X: 1213 , Y: 470
X: 1222 , Y: 470
X: 1231 , Y: 470
X: 1240 , Y: 439
X: 1254 , Y: 396
X: 1263 , Y: 371
X: 1272 , Y: 349
X: 1281 , Y: 330
X: 1290 , Y: 314
X: 1299 , Y: 301
X: 1308 , Y: 291
X: 1322 , Y: 281
X: 1331 , Y: 277
X: 1340 , Y: 277
X: 1349 , Y: 280
X: 1358 , Y: 286
X: 1367 , Y: 295
X: 1376 , Y: 307
X: 1389 , Y: 330
X: 1398 , Y: 349
X: 1407 , Y: 370
X: 1416 , Y: 394
X: 1425 , Y: 421
X: 1434 , Y: 453
X: 1443 , Y: 470
X: 1457 , Y: 470
X: 1466 , Y: 470
X: 1475 , Y: 470
X: 1484 , Y: 470
X: 1493 , Y: 470
X: 1502 , Y: 439
X: 1511 , Y: 411
X: 1520 , Y: 385
X: 1533 , Y: 352
X: 1542 , Y: 332
X: 1551 , Y: 316
X: 1560 , Y: 303
X: 1569 , Y: 293
X: 1578 , Y: 286
X: 1578 , Y: 282
X: 1578 , Y: 282
X: 1578 , Y: 285
X: 1578 , Y: 291
X: 1578 , Y: 300
X: 1578 , Y: 312
X: 1578 , Y: 327
X: 1578 , Y: 345
X: 1578 , Y: 377
X: 1578 , Y: 401
X: 1578 , Y: 429
X: 1578 , Y: 460
X: 1578 , Y: 470
X: 1578 , Y: 470
X: 1578 , Y: 470
X: 1578 , Y: 470
X: 1578 , Y: 470
X: 1578 , Y: 470
X: 1578 , Y: 470
X: 1578 , Y: 470
X: 1578 , Y: 470
X: 1578 , Y: 470
X: 1578 , Y: 470
X: 1578 , Y: 470
X: 1578 , Y: 470
X: 1578 , Y: 438
X: 1578 , Y: 410
X: 1578 , Y: 385
X: 1578 , Y: 363
X: 1578 , Y: 334
X: 1578 , Y: 318
X: 1578 , Y: 305
X: 1578 , Y: 295
X: 1578 , Y: 288
X: 1578 , Y: 284
X: 1578 , Y: 284
X: 1578 , Y: 288
X: 1578 , Y: 294
X: 1578 , Y: 303
X: 1578 , Y: 315
X: 1578 , Y: 331
X: 1578 , Y: 349
X: 1578 , Y: 370
X: 1578 , Y: 407
X: 1578 , Y: 434
X: 1578 , Y: 466
X: 1578 , Y: 470
X: 1578 , Y: 470
X: 1587 , Y: 470
X: 1596 , Y: 470
X: 1609 , Y: 470
X: 1618 , Y: 470
X: 1627 , Y: 470
X: 1636 , Y: 470
X: 1645 , Y: 470
X: 1654 , Y: 470
X: 1663 , Y: 470
X: 1677 , Y: 470
X: 1686 , Y: 470
X: 1695 , Y: 470
X: 1704 , Y: 470
X: 1713 , Y: 470
X: 1722 , Y: 470
X: 1731 , Y: 470
X: 1740 , Y: 470
X: 1753 , Y: 470
X: 1762 , Y: 470
X: 1771 , Y: 470
X: 1780 , Y: 470
X: 1789 , Y: 470
X: 1798 , Y: 470
X: 1807 , Y: 470
X: 1821 , Y: 470
X: 1830 , Y: 470
X: 1839 , Y: 439
X: 1848 , Y: 410
X: 1857 , Y: 385
X: 1866 , Y: 363
X: 1875 , Y: 344
X: 1889 , Y: 320
X: 1898 , Y: 307
X: 1907 , Y: 297
X: 1916 , Y: 290
X: 1925 , Y: 286
X: 1934 , Y: 286
X: 1943 , Y: 289
X: 1957 , Y: 298
X: 1966 , Y: 307
X: 1975 , Y: 319
X: 1984 , Y: 334
X: 1993 , Y: 353
X: 2002 , Y: 374
X: 2011 , Y: 398
X: 2025 , Y: 440
X: 2034 , Y: 470
X: 2043 , Y: 470
X: 2052 , Y: 470
X: 2061 , Y: 470
X: 2070 , Y: 470
X: 2079 , Y: 470
X: 2093 , Y: 470
X: 2102 , Y: 470
X: 2111 , Y: 470
X: 2120 , Y: 470
X: 2129 , Y: 470
X: 2138 , Y: 470
X: 2147 , Y: 470
X: 2161 , Y: 470
X: 2170 , Y: 470
X: 2179 , Y: 470
X: 2188 , Y: 470
X: 2197 , Y: 470
X: 2206 , Y: 470
X: 2215 , Y: 470
X: 2229 , Y: 470
X: 2238 , Y: 470
X: 2247 , Y: 470
X: 2256 , Y: 470
X: 2265 , Y: 470
X: 2274 , Y: 470
X: 2283 , Y: 470
X: 2296 , Y: 470
X: 2305 , Y: 470
X: 2314 , Y: 470
X: 2323 , Y: 470
X: 2332 , Y: 439
X: 2341 , Y: 410
X: 2350 , Y: 385
X: 2359 , Y: 363
X: 2373 , Y: 334
X: 2382 , Y: 318
X: 2391 , Y: 305
X: 2400 , Y: 295
X: 2409 , Y: 288
X: 2418 , Y: 284
X: 2427 , Y: 284
X: 2440 , Y: 288
X: 2449 , Y: 294
X: 2458 , Y: 303
X: 2467 , Y: 315
X: 2476 , Y: 330
X: 2485 , Y: 349
X: 2494 , Y: 370
X: 2508 , Y: 407
X: 2517 , Y: 434
X: 2526 , Y: 465
X: 2535 , Y: 470
X: 2544 , Y: 470
X: 2553 , Y: 470
X: 2562 , Y: 470
X: 2576 , Y: 470
X: 2585 , Y: 470
X: 2594 , Y: 470
X: 2603 , Y: 470
X: 2612 , Y: 470
X: 2621 , Y: 470
X: 2630 , Y: 470
X: 2644 , Y: 470
X: 2653 , Y: 470
X: 2662 , Y: 470
X: 2671 , Y: 470
X: 2680 , Y: 470
X: 2689 , Y: 470
X: 2698 , Y: 470
X: 2712 , Y: 470
X: 2721 , Y: 470
X: 2730 , Y: 470
X: 2739 , Y: 470
X: 2748 , Y: 470
X: 2757 , Y: 470
X: 2766 , Y: 470
X: 2780 , Y: 470
X: 2789 , Y: 470
X: 2798 , Y: 470
X: 2807 , Y: 470
X: 2816 , Y: 470
X: 2825 , Y: 470
X: 2834 , Y: 470
X: 2848 , Y: 470
X: 2857 , Y: 470
X: 2866 , Y: 470
X: 2875 , Y: 439
X: 2884 , Y: 410
X: 2893 , Y: 385
X: 2902 , Y: 363
X: 2916 , Y: 334
X: 2925 , Y: 318
X: 2934 , Y: 305
X: 2943 , Y: 295
X: 2952 , Y: 288
X: 2961 , Y: 284
X: 2970 , Y: 284
X: 2983 , Y: 288
X: 2992 , Y: 294
X: 3001 , Y: 303
X: 3010 , Y: 315
X: 3019 , Y: 330
X: 3028 , Y: 349
X: 3037 , Y: 370
X: 3051 , Y: 407
X: 3060 , Y: 434
X: 3069 , Y: 465
X: 3078 , Y: 470
X: 3087 , Y: 470
X: 3096 , Y: 470
X: 3105 , Y: 470
X: 3114 , Y: 470
X: 3127 , Y: 470
X: 3136 , Y: 470
X: 3145 , Y: 470
X: 3154 , Y: 470
X: 3163 , Y: 470
X: 3172 , Y: 470
X: 3181 , Y: 470
X: 3195 , Y: 470
X: 3204 , Y: 470
X: 3213 , Y: 470
X: 3222 , Y: 470
X: 3231 , Y: 470
X: 3240 , Y: 470
X: 3249 , Y: 470
X: 3263 , Y: 470
X: 3272 , Y: 470
X: 3281 , Y: 470
X: 3290 , Y: 439
X: 3299 , Y: 411
X: 3308 , Y: 386
X: 3317 , Y: 363
X: 3331 , Y: 334
X: 3340 , Y: 318
X: 3349 , Y: 305
X: 3358 , Y: 295
X: 3367 , Y: 288
X: 3376 , Y: 284
X: 3385 , Y: 284
X: 3399 , Y: 288
X: 3408 , Y: 294
X: 3417 , Y: 303
X: 3426 , Y: 315
X: 3435 , Y: 330
X: 3435 , Y: 348
X: 3435 , Y: 369
X: 3435 , Y: 406
X: 3435 , Y: 434
X: 3425 , Y: 465
X: 3415 , Y: 470
X: 3405 , Y: 470
X: 3395 , Y: 470
X: 3385 , Y: 470
X: 3370 , Y: 470
X: 3360 , Y: 470
X: 3350 , Y: 470
X: 3340 , Y: 470
X: 3330 , Y: 470
X: 3320 , Y: 470
X: 3310 , Y: 470
X: 3300 , Y: 470
X: 3285 , Y: 470
X: 3275 , Y: 470
X: 3265 , Y: 470
X: 3255 , Y: 470
X: 3245 , Y: 470
X: 3235 , Y: 470
X: 3221 , Y: 470
X: 3211 , Y: 470
X: 3201 , Y: 470
X: 3191 , Y: 470
X: 3181 , Y: 470
X: 3171 , Y: 470
X: 3161 , Y: 470
X: 3151 , Y: 470
X: 3136 , Y: 470
X: 3126 , Y: 470
X: 3116 , Y: 470
X: 3106 , Y: 470
X: 3096 , Y: 470
X: 3086 , Y: 470
X: 3076 , Y: 470
X: 3062 , Y: 470
X: 3052 , Y: 438
X: 3042 , Y: 410
X: 3032 , Y: 385
X: 3022 , Y: 363
X: 3012 , Y: 343
X: 3002 , Y: 327
X: 2987 , Y: 308
X: 2977 , Y: 298
X: 2967 , Y: 291
X: 2957 , Y: 287
X: 2947 , Y: 287
X: 2937 , Y: 290
X: 2927 , Y: 296
X: 2912 , Y: 310
X: 2902 , Y: 322
X: 2892 , Y: 338
X: 2882 , Y: 356
X: 2872 , Y: 377
X: 2862 , Y: 401
X: 2852 , Y: 429
X: 2837 , Y: 470
X: 2827 , Y: 470
X: 2817 , Y: 470
X: 2807 , Y: 470
X: 2797 , Y: 470
X: 2787 , Y: 470
X: 2777 , Y: 470
X: 2762 , Y: 470
X: 2752 , Y: 470
X: 2742 , Y: 470
X: 2732 , Y: 470
X: 2722 , Y: 470
X: 2712 , Y: 470
X: 2702 , Y: 470
X: 2687 , Y: 470
X: 2677 , Y: 470
X: 2667 , Y: 470
X: 2657 , Y: 470
X: 2647 , Y: 470
X: 2637 , Y: 470
X: 2627 , Y: 470
X: 2612 , Y: 470
X: 2602 , Y: 470
X: 2592 , Y: 470
X: 2582 , Y: 470
X: 2572 , Y: 470
X: 2562 , Y: 470
X: 2552 , Y: 470
X: 2537 , Y: 470
X: 2527 , Y: 470
X: 2517 , Y: 470
X: 2507 , Y: 439
X: 2497 , Y: 411
X: 2487 , Y: 386
X: 2477 , Y: 363
X: 2467 , Y: 344
X: 2452 , Y: 320
X: 2442 , Y: 307
X: 2432 , Y: 297
X: 2422 , Y: 290
X: 2412 , Y: 286
X: 2402 , Y: 286
X: 2392 , Y: 289
X: 2377 , Y: 298
X: 2367 , Y: 307
X: 2357 , Y: 319
X: 2347 , Y: 334
X: 2337 , Y: 352
X: 2327 , Y: 373
X: 2317 , Y: 398
X: 2303 , Y: 439
X: 2293 , Y: 470
X: 2283 , Y: 470
X: 2273 , Y: 470
X: 2263 , Y: 470
X: 2253 , Y: 470
X: 2243 , Y: 470
X: 2228 , Y: 470
X: 2218 , Y: 470
X: 2208 , Y: 470
X: 2198 , Y: 470
X: 2188 , Y: 470
X: 2178 , Y: 470
X: 2168 , Y: 470
X: 2153 , Y: 470
X: 2143 , Y: 470
X: 2133 , Y: 470
X: 2123 , Y: 470
X: 2113 , Y: 470
X: 2103 , Y: 470
X: 2093 , Y: 470
X: 2078 , Y: 470
X: 2068 , Y: 470
X: 2058 , Y: 439
X: 2048 , Y: 411
X: 2038 , Y: 385
X: 2028 , Y: 363
X: 2018 , Y: 344
X: 2003 , Y: 320
X: 1993 , Y: 307
X: 1983 , Y: 297
X: 1973 , Y: 290
X: 1963 , Y: 286
X: 1953 , Y: 286
X: 1943 , Y: 289
X: 1928 , Y: 298
X: 1918 , Y: 307
X: 1908 , Y: 319
X: 1898 , Y: 334
X: 1888 , Y: 352
X: 1878 , Y: 374
X: 1868 , Y: 398
X: 1853 , Y: 440
X: 1843 , Y: 470
X: 1833 , Y: 470
X: 1823 , Y: 470
X: 1813 , Y: 470
X: 1803 , Y: 470
X: 1793 , Y: 470
X: 1778 , Y: 470
X: 1768 , Y: 470
X: 1758 , Y: 470
X: 1748 , Y: 470
X: 1738 , Y: 470
X: 1728 , Y: 470
X: 1718 , Y: 470
X: 1708 , Y: 470
X: 1693 , Y: 470
X: 1683 , Y: 470
X: 1673 , Y: 439
X: 1663 , Y: 411
X: 1653 , Y: 385
X: 1643 , Y: 363
X: 1633 , Y: 344
X: 1618 , Y: 320
X: 1608 , Y: 307
X: 1598 , Y: 297
X: 1588 , Y: 290
X: 1578 , Y: 286
X: 1568 , Y: 286
X: 1558 , Y: 289
X: 1544 , Y: 298
X: 1534 , Y: 307
X: 1524 , Y: 319
X: 1514 , Y: 334
X: 1504 , Y: 352
X: 1494 , Y: 374
X: 1484 , Y: 398
X: 1469 , Y: 440
X: 1459 , Y: 470
X: 1449 , Y: 470
X: 1439 , Y: 470
X: 1429 , Y: 470
X: 1419 , Y: 470
X: 1409 , Y: 439
X: 1394 , Y: 396
X: 1384 , Y: 371
X: 1374 , Y: 348
X: 1364 , Y: 329
X: 1354 , Y: 313
X: 1344 , Y: 300
X: 1334 , Y: 290
X: 1319 , Y: 280
X: 1309 , Y: 276
X: 1299 , Y: 276
X: 1289 , Y: 279
X: 1279 , Y: 285
X: 1269 , Y: 294
X: 1259 , Y: 306
X: 1244 , Y: 329
X: 1234 , Y: 347
X: 1224 , Y: 368
X: 1214 , Y: 393
X: 1204 , Y: 420
X: 1194 , Y: 451
X: 1184 , Y: 470
X: 1169 , Y: 470
X: 1159 , Y: 470
X: 1149 , Y: 439
X: 1139 , Y: 411
X: 1129 , Y: 386
X: 1119 , Y: 363
X: 1109 , Y: 344
X: 1094 , Y: 320
X: 1084 , Y: 307
X: 1074 , Y: 297
X: 1064 , Y: 290
X: 1054 , Y: 286
X: 1044 , Y: 286
X: 1034 , Y: 289
X: 1019 , Y: 298
X: 1009 , Y: 307
X: 999 , Y: 319
X: 989 , Y: 334
X: 979 , Y: 352
X: 969 , Y: 373
X: 959 , Y: 398
X: 949 , Y: 425
X: 934 , Y: 470
X: 924 , Y: 470
X: 914 , Y: 470
X: 904 , Y: 470
X: 894 , Y: 470
X: 884 , Y: 470
X: 874 , Y: 470
X: 859 , Y: 470
X: 849 , Y: 470
X: 839 , Y: 470
X: 829 , Y: 470
X: 819 , Y: 470
X: 809 , Y: 470
X: 799 , Y: 470
X: 785 , Y: 470
X: 775 , Y: 470
X: 765 , Y: 470
X: 755 , Y: 470
X: 745 , Y: 470
X: 735 , Y: 470
X: 725 , Y: 470
X: 710 , Y: 470
X: 700 , Y: 470
X: 690 , Y: 470
X: 680 , Y: 470
X: 670 , Y: 470
X: 660 , Y: 470
X: 650 , Y: 470
X: 635 , Y: 470
X: 625 , Y: 470
X: 615 , Y: 470
X: 605 , Y: 470
X: 595 , Y: 470
X: 585 , Y: 470
X: 575 , Y: 470
X: 560 , Y: 470
X: 550 , Y: 470
X: 540 , Y: 470
X: 530 , Y: 470
X: 520 , Y: 470
X: 510 , Y: 470
X: 500 , Y: 470
X: 485 , Y: 470
X: 475 , Y: 470
X: 465 , Y: 470
X: 455 , Y: 470
X: 445 , Y: 470
X: 435 , Y: 470
X: 425 , Y: 470
X: 410 , Y: 470
X: 400 , Y: 470
X: 390 , Y: 470
X: 380 , Y: 470
X: 370 , Y: 470
X: 360 , Y: 470
X: 350 , Y: 470
X: 340 , Y: 470
X: 325 , Y: 470
X: 315 , Y: 470
X: 305 , Y: 470
X: 295 , Y: 470
X: 285 , Y: 470
X: 275 , Y: 470
X: 265 , Y: 470
X: 250 , Y: 470
X: 240 , Y: 470
X: 230 , Y: 439
X: 220 , Y: 411
X: 210 , Y: 386
X: 200 , Y: 363
X: 190 , Y: 344
X: 175 , Y: 320
X: 165 , Y: 307
X: 155 , Y: 297
X: 145 , Y: 290
X: 135 , Y: 286
X: 125 , Y: 286
X: 115 , Y: 289
X: 100 , Y: 298
X: 90 , Y: 307
X: 80 , Y: 319
X: 70 , Y: 334
X: 60 , Y: 352
X: 50 , Y: 373
X: 50 , Y: 398
X: 50 , Y: 439
X: 50 , Y: 470
X: 50 , Y: 470
X: 59 , Y: 470
X: 68 , Y: 470
X: 77 , Y: 470
X: 86 , Y: 470
X: 100 , Y: 470
X: 109 , Y: 470
X: 118 , Y: 470
X: 127 , Y: 470
X: 136 , Y: 470
X: 145 , Y: 470
X: 154 , Y: 439
X: 168 , Y: 396
X: 177 , Y: 371
X: 186 , Y: 348
X: 195 , Y: 329
X: 204 , Y: 313
X: 213 , Y: 300
X: 222 , Y: 290
X: 236 , Y: 280
X: 245 , Y: 276
X: 254 , Y: 276
X: 263 , Y: 279
X: 272 , Y: 285
X: 281 , Y: 294
X: 290 , Y: 306
X: 304 , Y: 329
X: 313 , Y: 347
X: 322 , Y: 368
X: 331 , Y: 393
X: 340 , Y: 420
X: 349 , Y: 451
X: 358 , Y: 470
X: 367 , Y: 470
X: 381 , Y: 470
X: 390 , Y: 470
X: 399 , Y: 470
X: 408 , Y: 470
X: 417 , Y: 470
X: 426 , Y: 470
X: 435 , Y: 470
X: 449 , Y: 470
X: 458 , Y: 470
X: 467 , Y: 439
X: 476 , Y: 410
X: 485 , Y: 385
X: 494 , Y: 363
X: 503 , Y: 344
X: 517 , Y: 320
X: 526 , Y: 307
X: 535 , Y: 297
X: 544 , Y: 290
X: 553 , Y: 286
X: 562 , Y: 286
X: 571 , Y: 289
X: 585 , Y: 298
X: 594 , Y: 307
X: 603 , Y: 319
X: 612 , Y: 334
X: 621 , Y: 353
X: 630 , Y: 374
X: 639 , Y: 398
X: 653 , Y: 440
X: 662 , Y: 470
X: 671 , Y: 470
X: 680 , Y: 470
X: 689 , Y: 470
X: 698 , Y: 439
X: 707 , Y: 410
X: 720 , Y: 373
X: 729 , Y: 350
X: 738 , Y: 331
X: 747 , Y: 315
X: 756 , Y: 302
X: 765 , Y: 292
X: 765 , Y: 285
X: 765 , Y: 280
X: 765 , Y: 280
X: 765 , Y: 283
X: 765 , Y: 289
X: 765 , Y: 298
X: 755 , Y: 310
X: 745 , Y: 325
X: 730 , Y: 353
X: 720 , Y: 374
X: 710 , Y: 399
X: 700 , Y: 426
X: 690 , Y: 457
X: 680 , Y: 470
X: 670 , Y: 470
X: 655 , Y: 423
X: 645 , Y: 395
X: 635 , Y: 370
X: 625 , Y: 348
X: 615 , Y: 328
X: 605 , Y: 312
X: 595 , Y: 299
X: 580 , Y: 284
X: 570 , Y: 277
X: 560 , Y: 273
X: 550 , Y: 273
X: 550 , Y: 276
X: 550 , Y: 282
X: 550 , Y: 291
X: 550 , Y: 309
X: 550 , Y: 325
X: 550 , Y: 343
X: 550 , Y: 364
X: 550 , Y: 388
X: 550 , Y: 416
X: 550 , Y: 447
X: 550 , Y: 470
X: 550 , Y: 470
X: 550 , Y: 470
X: 550 , Y: 470
X: 550 , Y: 470
X: 540 , Y: 470
X: 530 , Y: 439
X: 520 , Y: 411
X: 505 , Y: 373
X: 495 , Y: 350
X: 485 , Y: 331
X: 475 , Y: 315
X: 465 , Y: 302
X: 455 , Y: 292
X: 445 , Y: 285
X: 430 , Y: 280
X: 430 , Y: 280
X: 430 , Y: 283
X: 430 , Y: 289
X: 430 , Y: 298
X: 430 , Y: 310
X: 430 , Y: 325
X: 430 , Y: 353
X: 430 , Y: 374
X: 430 , Y: 399
X: 430 , Y: 426
X: 430 , Y: 457
X: 430 , Y: 470
X: 430 , Y: 470
X: 443 , Y: 470
X: 452 , Y: 470
X: 461 , Y: 470
X: 470 , Y: 439
X: 479 , Y: 411
X: 488 , Y: 385
X: 497 , Y: 363
X: 511 , Y: 334
X: 520 , Y: 318
X: 520 , Y: 305
X: 520 , Y: 295
X: 520 , Y: 288
X: 520 , Y: 284
X: 520 , Y: 284
X: 520 , Y: 288
X: 520 , Y: 294
X: 520 , Y: 303
X: 520 , Y: 315
X: 520 , Y: 330
X: 520 , Y: 348
X: 520 , Y: 370
X: 520 , Y: 407
X: 520 , Y: 434
X: 520 , Y: 465
X: 520 , Y: 470
X: 520 , Y: 470
X: 520 , Y: 470
X: 520 , Y: 470
X: 520 , Y: 470
X: 520 , Y: 439
X: 520 , Y: 411
X: 520 , Y: 385
X: 520 , Y: 363
X: 520 , Y: 344
X: 520 , Y: 328
X: 510 , Y: 315
X: 495 , Y: 300
X: 485 , Y: 293
X: 485 , Y: 289
X: 485 , Y: 289
X: 485 , Y: 292
X: 485 , Y: 298
X: 485 , Y: 307
X: 485 , Y: 325
X: 485 , Y: 340
X: 485 , Y: 358
X: 485 , Y: 380
X: 485 , Y: 404
X: 485 , Y: 431
X: 485 , Y: 462
X: 485 , Y: 470
X: 485 , Y: 470
X: 485 , Y: 470
X: 485 , Y: 470
X: 485 , Y: 470
X: 485 , Y: 438
X: 494 , Y: 410
X: 508 , Y: 372
X: 517 , Y: 350
X: 517 , Y: 331
X: 517 , Y: 315
X: 517 , Y: 302
X: 517 , Y: 292
X: 517 , Y: 285
X: 517 , Y: 280
X: 517 , Y: 280
X: 517 , Y: 283
X: 517 , Y: 289
X: 517 , Y: 298
X: 517 , Y: 310
X: 517 , Y: 326
X: 517 , Y: 353
X: 517 , Y: 375
X: 517 , Y: 399
X: 517 , Y: 426
X: 517 , Y: 457
X: 517 , Y: 470
X: 517 , Y: 470
X: 517 , Y: 470
X: 517 , Y: 470
X: 517 , Y: 470
X: 517 , Y: 470
X: 517 , Y: 470
X: 507 , Y: 470
X: 497 , Y: 470
X: 482 , Y: 470
X: 472 , Y: 439
X: 462 , Y: 410
X: 462 , Y: 385
X: 462 , Y: 363
X: 462 , Y: 344
X: 462 , Y: 328
X: 462 , Y: 309
X: 462 , Y: 299
X: 462 , Y: 292
X: 462 , Y: 288
X: 462 , Y: 288
X: 462 , Y: 291
X: 462 , Y: 297
X: 462 , Y: 306
X: 462 , Y: 324
X: 462 , Y: 339
X: 462 , Y: 358
X: 462 , Y: 379
X: 462 , Y: 403
X: 462 , Y: 430
X: 462 , Y: 462
X: 462 , Y: 470
X: 462 , Y: 470
X: 462 , Y: 470
X: 462 , Y: 470
X: 452 , Y: 438
X: 442 , Y: 410
X: 432 , Y: 385
X: 417 , Y: 352
X: 407 , Y: 333
X: 397 , Y: 317
X: 397 , Y: 304
X: 397 , Y: 294
X: 397 , Y: 287
X: 397 , Y: 283
X: 397 , Y: 283
X: 397 , Y: 286
X: 397 , Y: 292
X: 397 , Y: 301
X: 397 , Y: 313
X: 397 , Y: 329
X: 397 , Y: 347
X: 397 , Y: 379
X: 397 , Y: 403
X: 397 , Y: 430
X: 397 , Y: 461
X: 406 , Y: 470
X: 415 , Y: 470
X: 424 , Y: 470
X: 438 , Y: 470
X: 447 , Y: 470
X: 456 , Y: 470
X: 465 , Y: 470
X: 474 , Y: 470
X: 483 , Y: 470
X: 492 , Y: 470
X: 505 , Y: 470
X: 514 , Y: 438
X: 523 , Y: 410
X: 532 , Y: 385
X: 541 , Y: 363
X: 550 , Y: 343
X: 559 , Y: 327
X: 573 , Y: 308
X: 582 , Y: 298
X: 582 , Y: 291
X: 582 , Y: 287
X: 582 , Y: 287
X: 582 , Y: 290
X: 582 , Y: 296
X: 582 , Y: 305
X: 582 , Y: 323
X: 582 , Y: 339
X: 582 , Y: 357
X: 582 , Y: 378
X: 582 , Y: 402
X: 582 , Y: 430
X: 582 , Y: 470
X: 582 , Y: 470
X: 582 , Y: 470
X: 582 , Y: 470
X: 572 , Y: 470
X: 562 , Y: 439
X: 552 , Y: 411
X: 542 , Y: 386
X: 527 , Y: 353
X: 517 , Y: 334
X: 507 , Y: 318
X: 497 , Y: 305
X: 487 , Y: 295
X: 477 , Y: 288
X: 467 , Y: 284
X: 467 , Y: 284
X: 467 , Y: 287
X: 467 , Y: 293
X: 467 , Y: 302
X: 467 , Y: 314
X: 467 , Y: 329
X: 467 , Y: 347
X: 467 , Y: 379
X: 467 , Y: 403
X: 467 , Y: 430
X: 467 , Y: 462
X: 467 , Y: 470
X: 467 , Y: 470
X: 467 , Y: 470
X: 467 , Y: 470
X: 467 , Y: 470
X: 467 , Y: 470
X: 467 , Y: 439
X: 467 , Y: 411
X: 467 , Y: 385
X: 476 , Y: 363
X: 490 , Y: 334
X: 499 , Y: 318
X: 499 , Y: 305
X: 499 , Y: 295
X: 499 , Y: 288
X: 499 , Y: 284
X: 499 , Y: 284
X: 499 , Y: 288
X: 499 , Y: 294
X: 499 , Y: 303
X: 499 , Y: 315
X: 499 , Y: 330
X: 499 , Y: 348
X: 499 , Y: 370
X: 499 , Y: 406
X: 499 , Y: 434
X: 499 , Y: 465
X: 508 , Y: 470
X: 517 , Y: 470
X: 517 , Y: 470
X: 517 , Y: 470
X: 517 , Y: 470
X: 517 , Y: 470
X: 517 , Y: 470
X: 517 , Y: 470
X: 517 , Y: 470
X: 517 , Y: 470
X: 517 , Y: 470
X: 517 , Y: 470
X: 517 , Y: 470
X: 517 , Y: 470
X: 517 , Y: 470
X: 517 , Y: 470
X: 517 , Y: 470
X: 517 , Y: 470
X: 517 , Y: 470
X: 517 , Y: 470
X: 517 , Y: 470
X: 517 , Y: 470
X: 517 , Y: 470
X: 517 , Y: 470
X: 517 , Y: 439
X: 517 , Y: 411
X: 517 , Y: 373
X: 517 , Y: 351
X: 517 , Y: 331
X: 517 , Y: 315
X: 517 , Y: 302
X: 517 , Y: 292
X: 517 , Y: 285
X: 517 , Y: 280
X: 517 , Y: 280
X: 517 , Y: 283
X: 517 , Y: 289
X: 517 , Y: 298
X: 517 , Y: 310
X: 517 , Y: 325
X: 517 , Y: 353
X: 517 , Y: 374
X: 517 , Y: 398
X: 517 , Y: 426
X: 517 , Y: 457
X: 517 , Y: 470
X: 517 , Y: 470
X: 517 , Y: 423
X: 517 , Y: 394
X: 517 , Y: 369
X: 517 , Y: 347
X: 517 , Y: 328
X: 517 , Y: 312
X: 517 , Y: 299
X: 517 , Y: 284
X: 517 , Y: 277
X: 517 , Y: 273
X: 517 , Y: 273
X: 517 , Y: 276
X: 517 , Y: 282
X: 517 , Y: 291
X: 517 , Y: 309
X: 517 , Y: 324
X: 507 , Y: 343
X: 497 , Y: 364
X: 487 , Y: 388
X: 477 , Y: 415
X: 467 , Y: 447
X: 453 , Y: 470
X: 443 , Y: 470
X: 443 , Y: 470
X: 443 , Y: 470
X: 443 , Y: 470
X: 443 , Y: 470
X: 443 , Y: 470
X: 443 , Y: 470
X: 443 , Y: 439
X: 443 , Y: 411
X: 443 , Y: 385
X: 443 , Y: 363
X: 443 , Y: 344
X: 443 , Y: 328
X: 443 , Y: 309
X: 443 , Y: 299
X: 443 , Y: 292
X: 443 , Y: 288
X: 443 , Y: 288
X: 443 , Y: 291
X: 443 , Y: 297
X: 443 , Y: 311
X: 443 , Y: 323
X: 443 , Y: 338
X: 443 , Y: 356
X: 443 , Y: 378
X: 443 , Y: 402
X: 443 , Y: 429
X: 443 , Y: 460
X: 443 , Y: 470
X: 443 , Y: 470
X: 443 , Y: 470
X: 443 , Y: 439
X: 443 , Y: 411
X: 443 , Y: 386
X: 443 , Y: 363
X: 443 , Y: 334
X: 443 , Y: 318
X: 443 , Y: 305
X: 443 , Y: 295
X: 443 , Y: 288
X: 443 , Y: 284
X: 443 , Y: 284
X: 443 , Y: 288
X: 443 , Y: 294
X: 443 , Y: 303
X: 443 , Y: 315
X: 443 , Y: 330
X: 443 , Y: 348
X: 443 , Y: 369
X: 443 , Y: 406
X: 443 , Y: 434
X: 443 , Y: 465
X: 443 , Y: 470
X: 443 , Y: 470
X: 443 , Y: 470
X: 443 , Y: 470
X: 443 , Y: 470
X: 443 , Y: 439
X: 443 , Y: 411
X: 443 , Y: 386
X: 443 , Y: 363
X: 443 , Y: 344
X: 443 , Y: 328
X: 443 , Y: 309
X: 443 , Y: 299
X: 443 , Y: 292
X: 443 , Y: 288
X: 443 , Y: 288
X: 443 , Y: 291
X: 443 , Y: 297
X: 443 , Y: 310
X: 443 , Y: 322
X: 443 , Y: 337
X: 443 , Y: 355
X: 443 , Y: 376
X: 443 , Y: 401
X: 443 , Y: 428
X: 443 , Y: 459
X: 443 , Y: 470
X: 443 , Y: 470
X: 443 , Y: 470
X: 443 , Y: 439
X: 443 , Y: 411
X: 443 , Y: 386
X: 443 , Y: 353
X: 443 , Y: 334
X: 443 , Y: 318
X: 443 , Y: 305
X: 443 , Y: 295
X: 443 , Y: 288
X: 443 , Y: 284
X: 443 , Y: 284
X: 443 , Y: 287
X: 443 , Y: 293
X: 443 , Y: 302
X: 443 , Y: 314
X: 443 , Y: 329
X: 443 , Y: 347
X: 443 , Y: 379
X: 443 , Y: 403
X: 443 , Y: 430
X: 443 , Y: 462
X: 443 , Y: 470
X: 443 , Y: 470
X: 443 , Y: 470
X: 443 , Y: 470
X: 443 , Y: 470
X: 443 , Y: 470
X: 443 , Y: 470
X: 443 , Y: 470
X: 443 , Y: 470
X: 443 , Y: 470
X: 443 , Y: 470
X: 443 , Y: 470
X: 443 , Y: 470
X: 443 , Y: 470
X: 443 , Y: 470
X: 443 , Y: 470
X: 443 , Y: 470
X: 443 , Y: 470
X: 443 , Y: 438
X: 443 , Y: 410
X: 443 , Y: 385
X: 443 , Y: 363
X: 443 , Y: 343
X: 443 , Y: 327
X: 443 , Y: 308
X: 443 , Y: 298
X: 443 , Y: 291
X: 443 , Y: 287
X: 443 , Y: 287
X: 443 , Y: 290
X: 443 , Y: 296
X: 443 , Y: 310
X: 443 , Y: 322
X: 443 , Y: 338
X: 443 , Y: 356
X: 443 , Y: 377
X: 443 , Y: 401
X: 443 , Y: 429
X: 443 , Y: 470
X: 443 , Y: 470
X: 443 , Y: 470
X: 443 , Y: 470
X: 443 , Y: 470
X: 443 , Y: 470
X: 443 , Y: 470
X: 443 , Y: 423
X: 443 , Y: 395
X: 443 , Y: 370
X: 443 , Y: 347
X: 443 , Y: 328
X: 443 , Y: 312
X: 443 , Y: 299
X: 443 , Y: 284
X: 443 , Y: 277
X: 443 , Y: 273
X: 443 , Y: 273
X: 443 , Y: 276
X: 443 , Y: 282
X: 443 , Y: 291
X: 443 , Y: 303
X: 443 , Y: 326
X: 443 , Y: 344
X: 443 , Y: 365
X: 443 , Y: 390
X: 443 , Y: 417
X: 443 , Y: 448
X: 443 , Y: 470
X: 443 , Y: 470
X: 443 , Y: 470
X: 443 , Y: 438
X: 443 , Y: 410
X: 443 , Y: 385
X: 443 , Y: 363
X: 443 , Y: 343
X: 443 , Y: 319
X: 443 , Y: 306
X: 443 , Y: 296
X: 443 , Y: 289
X: 443 , Y: 285
X: 443 , Y: 285
X: 443 , Y: 288
X: 443 , Y: 297
X: 443 , Y: 306
X: 443 , Y: 318
X: 443 , Y: 334
X: 443 , Y: 352
X: 443 , Y: 373
X: 443 , Y: 397
X: 443 , Y: 439
X: 443 , Y: 470
X: 443 , Y: 470
X: 443 , Y: 470
X: 443 , Y: 470
X: 443 , Y: 438
X: 443 , Y: 410
X: 443 , Y: 372
X: 443 , Y: 350
X: 443 , Y: 331
X: 443 , Y: 315
X: 443 , Y: 302
X: 443 , Y: 292
X: 443 , Y: 285
X: 443 , Y: 280
X: 443 , Y: 280
X: 443 , Y: 283
X: 443 , Y: 289
X: 443 , Y: 298
X: 443 , Y: 310
X: 443 , Y: 326
X: 443 , Y: 344
X: 443 , Y: 376
X: 443 , Y: 400
X: 443 , Y: 427
X: 443 , Y: 458
X: 443 , Y: 470
X: 443 , Y: 470
X: 443 , Y: 470
X: 443 , Y: 439
X: 443 , Y: 411
X: 443 , Y: 385
X: 443 , Y: 363
X: 443 , Y: 344
X: 443 , Y: 328
X: 443 , Y: 315
X: 443 , Y: 301
X: 443 , Y: 294
X: 443 , Y: 290
X: 443 , Y: 290
X: 443 , Y: 293
X: 443 , Y: 299
X: 443 , Y: 308
X: 443 , Y: 326
X: 443 , Y: 341
X: 443 , Y: 359
X: 443 , Y: 381
X: 443 , Y: 405
X: 443 , Y: 432
X: 443 , Y: 463
X: 443 , Y: 470
X: 443 , Y: 439
X: 443 , Y: 410
X: 443 , Y: 385
X: 443 , Y: 363
X: 443 , Y: 344
X: 443 , Y: 328
X: 443 , Y: 309
X: 443 , Y: 299
X: 443 , Y: 292
X: 443 , Y: 288
X: 443 , Y: 288
X: 443 , Y: 291
X: 443 , Y: 297
X: 443 , Y: 311
X: 443 , Y: 323
X: 443 , Y: 338
X: 443 , Y: 357
X: 443 , Y: 378
X: 443 , Y: 402
X: 443 , Y: 429
X: 443 , Y: 470
X: 443 , Y: 470
X: 443 , Y: 439
X: 443 , Y: 411
X: 443 , Y: 386
X: 443 , Y: 363
X: 443 , Y: 344
X: 443 , Y: 320
X: 443 , Y: 307
X: 443 , Y: 297
X: 443 , Y: 290
X: 443 , Y: 286
X: 443 , Y: 286
X: 443 , Y: 289
X: 443 , Y: 298
X: 443 , Y: 307
X: 443 , Y: 319
X: 443 , Y: 334
X: 443 , Y: 352
X: 443 , Y: 373
X: 443 , Y: 398
X: 443 , Y: 439
X: 443 , Y: 470
X: 443 , Y: 470
X: 443 , Y: 470
X: 443 , Y: 470
X: 443 , Y: 438
X: 443 , Y: 410
X: 443 , Y: 372
X: 443 , Y: 350
X: 443 , Y: 331
X: 443 , Y: 315
X: 443 , Y: 302
X: 443 , Y: 292
X: 443 , Y: 285
X: 443 , Y: 281
X: 443 , Y: 281
X: 443 , Y: 284
X: 443 , Y: 290
X: 443 , Y: 299
X: 443 , Y: 311
X: 443 , Y: 327
X: 443 , Y: 345
X: 443 , Y: 377
X: 443 , Y: 401
X: 443 , Y: 428
X: 443 , Y: 460
X: 443 , Y: 470
X: 443 , Y: 470
X: 443 , Y: 470
X: 443 , Y: 470
X: 443 , Y: 439
X: 443 , Y: 410
X: 443 , Y: 385
X: 443 , Y: 363
X: 443 , Y: 344
X: 443 , Y: 328
X: 443 , Y: 309
X: 443 , Y: 299
X: 443 , Y: 292
X: 443 , Y: 288
X: 443 , Y: 288
X: 443 , Y: 291
X: 443 , Y: 297
X: 443 , Y: 311
X: 443 , Y: 323
X: 443 , Y: 338
X: 443 , Y: 357
X: 443 , Y: 378
X: 443 , Y: 402
X: 443 , Y: 429
X: 443 , Y: 470
X: 443 , Y: 470
X: 443 , Y: 470
X: 443 , Y: 470
X: 443 , Y: 470
X: 443 , Y: 470
X: 443 , Y: 470
X: 443 , Y: 470
X: 443 , Y: 470
X: 443 , Y: 470
X: 443 , Y: 470
X: 443 , Y: 470
X: 443 , Y: 470
X: 443 , Y: 470
X: 443 , Y: 439
X: 443 , Y: 396
X: 443 , Y: 370
X: 443 , Y: 348
X: 443 , Y: 329
X: 443 , Y: 313
X: 443 , Y: 300
X: 443 , Y: 290
X: 443 , Y: 280
X: 443 , Y: 276
X: 443 , Y: 276
X: 443 , Y: 279
X: 443 , Y: 285
X: 443 , Y: 294
X: 443 , Y: 306
X: 443 , Y: 329
X: 443 , Y: 347
X: 443 , Y: 369
X: 443 , Y: 393
X: 443 , Y: 420
X: 443 , Y: 451
X: 443 , Y: 470
X: 443 , Y: 470
X: 443 , Y: 470
X: 443 , Y: 470
X: 443 , Y: 470
X: 443 , Y: 470
X: 443 , Y: 470
X: 443 , Y: 470
X: 443 , Y: 470
X: 443 , Y: 470
X: 443 , Y: 470
X: 443 , Y: 470
X: 443 , Y: 470
X: 443 , Y: 439
X: 443 , Y: 411
X: 443 , Y: 373
X: 443 , Y: 351
X: 443 , Y: 331
X: 443 , Y: 315
X: 443 , Y: 302
X: 443 , Y: 292
X: 443 , Y: 285
X: 443 , Y: 280
X: 443 , Y: 280
X: 443 , Y: 283
X: 443 , Y: 289
X: 443 , Y: 298
X: 443 , Y: 310
X: 443 , Y: 325
X: 443 , Y: 353
X: 443 , Y: 374
X: 443 , Y: 398
X: 443 , Y: 426
X: 443 , Y: 457
X: 443 , Y: 470
X: 443 , Y: 470
X: 443 , Y: 470
X: 443 , Y: 438
X: 443 , Y: 410
X: 443 , Y: 385
X: 443 , Y: 363
X: 443 , Y: 343
X: 443 , Y: 327
X: 443 , Y: 308
X: 443 , Y: 298
X: 443 , Y: 291
X: 443 , Y: 287
X: 443 , Y: 287
X: 443 , Y: 290
X: 443 , Y: 296
X: 443 , Y: 310
X: 443 , Y: 322
X: 443 , Y: 338
X: 443 , Y: 356
X: 443 , Y: 377
X: 443 , Y: 401
X: 443 , Y: 429
X: 443 , Y: 460
X: 443 , Y: 470
X: 443 , Y: 470
X: 443 , Y: 470
X: 443 , Y: 470
X: 443 , Y: 470
X: 443 , Y: 439
X: 443 , Y: 411
X: 443 , Y: 373
X: 443 , Y: 351
X: 443 , Y: 331
X: 443 , Y: 315
X: 443 , Y: 302
X: 443 , Y: 292
X: 443 , Y: 285
X: 443 , Y: 280
X: 443 , Y: 280
X: 443 , Y: 283
X: 443 , Y: 289
X: 443 , Y: 298
X: 443 , Y: 310
X: 443 , Y: 325
X: 443 , Y: 353
X: 443 , Y: 374
X: 443 , Y: 398
X: 452 , Y: 426
X: 461 , Y: 457
X: 470 , Y: 470
X: 479 , Y: 470
X: 493 , Y: 470
X: 502 , Y: 470
X: 511 , Y: 470
X: 520 , Y: 470
X: 529 , Y: 470
X: 538 , Y: 470
X: 547 , Y: 470
X: 561 , Y: 470
X: 570 , Y: 470
X: 579 , Y: 470
X: 588 , Y: 470
X: 578 , Y: 470
X: 568 , Y: 470
X: 558 , Y: 470
X: 543 , Y: 470
X: 533 , Y: 470
X: 523 , Y: 470
X: 513 , Y: 470
X: 503 , Y: 470
X: 512 , Y: 439
X: 521 , Y: 411
X: 535 , Y: 373
X: 544 , Y: 350
X: 553 , Y: 331
X: 562 , Y: 315
X: 571 , Y: 302
X: 580 , Y: 292
X: 589 , Y: 285
X: 603 , Y: 280
X: 612 , Y: 280
X: 621 , Y: 283
X: 630 , Y: 289
X: 639 , Y: 298
X: 648 , Y: 310
X: 638 , Y: 325
X: 623 , Y: 353
X: 613 , Y: 374
X: 603 , Y: 399
X: 593 , Y: 426
X: 583 , Y: 457
X: 573 , Y: 470
X: 582 , Y: 470
X: 595 , Y: 470
X: 604 , Y: 470
X: 613 , Y: 470
X: 622 , Y: 470
X: 631 , Y: 470
X: 640 , Y: 470
X: 649 , Y: 470
X: 639 , Y: 470
X: 624 , Y: 470
X: 614 , Y: 470
X: 604 , Y: 470
X: 594 , Y: 470
X: 584 , Y: 470
X: 574 , Y: 470
X: 564 , Y: 470
X: 550 , Y: 470
X: 540 , Y: 470
X: 530 , Y: 470
X: 520 , Y: 470
X: 510 , Y: 470
X: 519 , Y: 470
X: 528 , Y: 470
X: 542 , Y: 470
X: 551 , Y: 470
X: 560 , Y: 470
X: 569 , Y: 470
X: 578 , Y: 470
X: 568 , Y: 470
X: 558 , Y: 470
X: 543 , Y: 470
X: 533 , Y: 470
X: 523 , Y: 470
X: 513 , Y: 470
X: 503 , Y: 470
X: 493 , Y: 470
X: 483 , Y: 470
X: 468 , Y: 470
X: 458 , Y: 470
X: 448 , Y: 470
X: 457 , Y: 470
X: 466 , Y: 470
X: 475 , Y: 470
X: 484 , Y: 470
X: 498 , Y: 470
X: 507 , Y: 470
X: 516 , Y: 470
X: 525 , Y: 470
X: 534 , Y: 470
X: 543 , Y: 470
X: 552 , Y: 439
X: 566 , Y: 396
X: 575 , Y: 370
X: 584 , Y: 348
X: 593 , Y: 329
X: 602 , Y: 313
X: 611 , Y: 300
X: 620 , Y: 290
X: 629 , Y: 283
X: 643 , Y: 278
X: 652 , Y: 278
X: 661 , Y: 281
X: 670 , Y: 287
X: 679 , Y: 296
X: 688 , Y: 308
X: 697 , Y: 323
X: 697 , Y: 351
X: 697 , Y: 373
X: 697 , Y: 397
X: 697 , Y: 424
X: 697 , Y: 455
X: 697 , Y: 470
X: 697 , Y: 470
X: 697 , Y: 470
X: 697 , Y: 470
X: 697 , Y: 470
X: 697 , Y: 470
X: 697 , Y: 470
X: 697 , Y: 470
X: 697 , Y: 470
X: 697 , Y: 470
X: 697 , Y: 470
X: 697 , Y: 470
X: 697 , Y: 470
X: 697 , Y: 470
X: 697 , Y: 470
X: 697 , Y: 470
X: 697 , Y: 470
X: 697 , Y: 470
X: 697 , Y: 470
X: 697 , Y: 470
X: 697 , Y: 470
X: 697 , Y: 470
X: 697 , Y: 470
X: 697 , Y: 470
X: 697 , Y: 470
X: 697 , Y: 470
X: 697 , Y: 470
X: 697 , Y: 470
X: 697 , Y: 470
X: 697 , Y: 470
X: 697 , Y: 470
X: 697 , Y: 470
X: 697 , Y: 470
X: 697 , Y: 470
X: 697 , Y: 470
X: 697 , Y: 470
X: 697 , Y: 470
X: 697 , Y: 470
X: 697 , Y: 470
X: 697 , Y: 470
X: 697 , Y: 470
X: 697 , Y: 470
X: 697 , Y: 470
X: 697 , Y: 470
X: 697 , Y: 470
X: 697 , Y: 470
X: 697 , Y: 470
X: 697 , Y: 470
X: 697 , Y: 470
X: 697 , Y: 470
X: 697 , Y: 470
X: 697 , Y: 470
X: 697 , Y: 470
X: 697 , Y: 470
X: 697 , Y: 470
X: 697 , Y: 470
X: 697 , Y: 470
X: 697 , Y: 470
X: 697 , Y: 470
X: 697 , Y: 470
X: 697 , Y: 470
X: 697 , Y: 470
X: 697 , Y: 470
X: 697 , Y: 470
X: 697 , Y: 470
