void GlobalHandler::RestartMap()
Player::Init(int mode,int LastCheckPoint, int Life)
VxF: 0.000000, VyF: 0.000000, OBJ_VxF: 9.600000, OBJ_VyF: 0.000000, VxFN: -9.600000, VyFN: 0.000000
AABBCheck X: 62, Y: 148, OBJX: 84, OBJY: 123, Time: 1.000000, Normalx: 0.000000, Normaly: 0.000000
VxF: 0.000000, VyF: 0.000000, OBJ_VxF: 9.300000, OBJ_VyF: 0.000000, VxFN: -9.300000, VyFN: 0.000000
AABBCheck X: 62, Y: 148, OBJX: 84, OBJY: 123, Time: 1.000000, Normalx: 0.000000, Normaly: 0.000000
VxF: 0.000000, VyF: 0.000000, OBJ_VxF: 9.300000, OBJ_VyF: -1.550000, VxFN: -9.300000, VyFN: 1.550000
AABBCheck X: 62, Y: 148, OBJX: 93, OBJY: 121, Time: 1.000000, Normalx: 0.000000, Normaly: 0.000000
VxF: 0.000000, VyF: 0.000000, OBJ_VxF: 9.600000, OBJ_VyF: 0.000000, VxFN: -9.600000, VyFN: 0.000000
AABBCheck X: 150, Y: 148, OBJX: 172, OBJY: 123, Time: 1.000000, Normalx: 0.000000, Normaly: 0.000000
VxF: 0.000000, VyF: 0.000000, OBJ_VxF: 9.300000, OBJ_VyF: 0.000000, VxFN: -9.300000, VyFN: 0.000000
AABBCheck X: 150, Y: 148, OBJX: 172, OBJY: 123, Time: 1.000000, Normalx: 0.000000, Normaly: 0.000000
VxF: 0.000000, VyF: 0.000000, OBJ_VxF: 9.300000, OBJ_VyF: -1.550000, VxFN: -9.300000, VyFN: 1.550000
AABBCheck X: 150, Y: 148, OBJX: 181, OBJY: 121, Time: 1.000000, Normalx: 0.000000, Normaly: 0.000000
VxF: 0.000000, VyF: 0.000000, OBJ_VxF: 9.300000, OBJ_VyF: 0.000000, VxFN: -9.300000, VyFN: 0.000000
AABBCheck X: 172, Y: 148, OBJX: 194, OBJY: 123, Time: 1.000000, Normalx: 0.000000, Normaly: 0.000000
VxF: 0.000000, VyF: 0.000000, OBJ_VxF: 9.600000, OBJ_VyF: 0.000000, VxFN: -9.600000, VyFN: 0.000000
AABBCheck X: 172, Y: 148, OBJX: 194, OBJY: 123, Time: 1.000000, Normalx: 0.000000, Normaly: 0.000000
VxF: 0.000000, VyF: 0.000000, OBJ_VxF: 9.300000, OBJ_VyF: -1.550000, VxFN: -9.300000, VyFN: 1.550000
AABBCheck X: 172, Y: 148, OBJX: 203, OBJY: 121, Time: 1.000000, Normalx: 0.000000, Normaly: 0.000000
VxF: 0.000000, VyF: 0.000000, OBJ_VxF: 9.600000, OBJ_VyF: 0.000000, VxFN: -9.600000, VyFN: 0.000000
AABBCheck X: 172, Y: 148, OBJX: 194, OBJY: 123, Time: 1.000000, Normalx: 0.000000, Normaly: 0.000000
VxF: 0.000000, VyF: 0.000000, OBJ_VxF: 9.300000, OBJ_VyF: 0.000000, VxFN: -9.300000, VyFN: 0.000000
AABBCheck X: 172, Y: 148, OBJX: 194, OBJY: 123, Time: 1.000000, Normalx: 0.000000, Normaly: 0.000000
VxF: 0.000000, VyF: 0.000000, OBJ_VxF: 9.300000, OBJ_VyF: -1.550000, VxFN: -9.300000, VyFN: 1.550000
AABBCheck X: 172, Y: 148, OBJX: 203, OBJY: 121, Time: 1.000000, Normalx: 0.000000, Normaly: 0.000000
VxF: 0.000000, VyF: 0.000000, OBJ_VxF: 9.300000, OBJ_VyF: 0.000000, VxFN: -9.300000, VyFN: 0.000000
AABBCheck X: 172, Y: 148, OBJX: 194, OBJY: 123, Time: 1.000000, Normalx: 0.000000, Normaly: 0.000000
VxF: 0.000000, VyF: 0.000000, OBJ_VxF: 9.300000, OBJ_VyF: 0.000000, VxFN: -9.300000, VyFN: 0.000000
AABBCheck X: 172, Y: 148, OBJX: 194, OBJY: 123, Time: 1.000000, Normalx: 0.000000, Normaly: 0.000000
VxF: 0.000000, VyF: 0.000000, OBJ_VxF: 9.300000, OBJ_VyF: -1.550000, VxFN: -9.300000, VyFN: 1.550000
AABBCheck X: 172, Y: 148, OBJX: 203, OBJY: 121, Time: 1.000000, Normalx: 0.000000, Normaly: 0.000000
VxF: 0.000000, VyF: 0.000000, OBJ_VxF: 9.300000, OBJ_VyF: 0.000000, VxFN: -9.300000, VyFN: 0.000000
AABBCheck X: 172, Y: 148, OBJX: 194, OBJY: 123, Time: 1.000000, Normalx: 0.000000, Normaly: 0.000000
VxF: 0.000000, VyF: 0.000000, OBJ_VxF: 9.300000, OBJ_VyF: 0.000000, VxFN: -9.300000, VyFN: 0.000000
AABBCheck X: 172, Y: 148, OBJX: 194, OBJY: 123, Time: 1.000000, Normalx: 0.000000, Normaly: 0.000000
VxF: 0.000000, VyF: 0.000000, OBJ_VxF: 9.600000, OBJ_VyF: -1.600000, VxFN: -9.600000, VyFN: 1.600000
AABBCheck X: 172, Y: 148, OBJX: 203, OBJY: 121, Time: 1.000000, Normalx: 0.000000, Normaly: 0.000000
VxF: 0.000000, VyF: 0.000000, OBJ_VxF: 9.300000, OBJ_VyF: 0.000000, VxFN: -9.300000, VyFN: 0.000000
AABBCheck X: 172, Y: 148, OBJX: 194, OBJY: 123, Time: 1.000000, Normalx: 0.000000, Normaly: 0.000000
VxF: 0.000000, VyF: 0.000000, OBJ_VxF: 9.300000, OBJ_VyF: 0.000000, VxFN: -9.300000, VyFN: 0.000000
AABBCheck X: 172, Y: 148, OBJX: 194, OBJY: 123, Time: 1.000000, Normalx: 0.000000, Normaly: 0.000000
VxF: 0.000000, VyF: 0.000000, OBJ_VxF: 9.600000, OBJ_VyF: -1.600000, VxFN: -9.600000, VyFN: 1.600000
AABBCheck X: 172, Y: 148, OBJX: 203, OBJY: 121, Time: 1.000000, Normalx: 0.000000, Normaly: 0.000000
VxF: 0.000000, VyF: 0.000000, OBJ_VxF: 9.600000, OBJ_VyF: 0.000000, VxFN: -9.600000, VyFN: 0.000000
AABBCheck X: 172, Y: 148, OBJX: 194, OBJY: 123, Time: 1.000000, Normalx: 0.000000, Normaly: 0.000000
VxF: 0.000000, VyF: 0.000000, OBJ_VxF: 9.300000, OBJ_VyF: 0.000000, VxFN: -9.300000, VyFN: 0.000000
AABBCheck X: 172, Y: 148, OBJX: 194, OBJY: 123, Time: 1.000000, Normalx: 0.000000, Normaly: 0.000000
VxF: 0.000000, VyF: 15.499998, OBJ_VxF: 3.100000, OBJ_VyF: 0.000000, VxFN: -3.100000, VyFN: 15.499998
AABBCheck X: 833, Y: 224, OBJX: 800, OBJY: 232, Time: 0.322581, Normalx: 1.000000, Normaly: 0.000000
VxF: 0.000000, VyF: -16.450005, OBJ_VxF: 14.100000, OBJ_VyF: 0.000000, VxFN: -14.100000, VyFN: -16.450005
AABBCheck X: 937, Y: 287, OBJX: 959, OBJY: 262, Time: 1.000000, Normalx: 0.000000, Normaly: 0.000000
VxF: 0.000000, VyF: -12.400003, OBJ_VxF: 9.300000, OBJ_VyF: 0.000000, VxFN: -9.300000, VyFN: -12.400003
AABBCheck X: 937, Y: 270, OBJX: 959, OBJY: 262, Time: 1.000000, Normalx: 0.000000, Normaly: 0.000000
VxF: 0.000000, VyF: -13.950005, OBJ_VxF: 9.300000, OBJ_VyF: -1.550000, VxFN: -9.300000, VyFN: -12.400004
AABBCheck X: 937, Y: 257, OBJX: 968, OBJY: 260, Time: 1.000000, Normalx: 0.000000, Normaly: 0.000000
VxF: 7.750000, VyF: -4.650003, OBJ_VxF: 9.300000, OBJ_VyF: 0.000000, VxFN: -1.550000, VyFN: -4.650003
AABBCheck X: 1073, Y: 313, OBJX: 1095, OBJY: 288, Time: 1.000000, Normalx: 0.000000, Normaly: 0.000000
VxF: 8.000000, VyF: -6.400003, OBJ_VxF: 9.600000, OBJ_VyF: 0.000000, VxFN: -1.600000, VyFN: -6.400003
AABBCheck X: 1080, Y: 308, OBJX: 1095, OBJY: 288, Time: 1.000000, Normalx: 0.000000, Normaly: 0.000000
VxF: 7.750000, VyF: -7.750003, OBJ_VxF: 9.300000, OBJ_VyF: -1.550000, VxFN: -1.550000, VyFN: -6.200003
AABBCheck X: 1088, Y: 301, OBJX: 1104, OBJY: 286, Time: 1.000000, Normalx: 0.000000, Normaly: 0.000000
VxF: 7.750000, VyF: -9.300003, OBJ_VxF: 9.300000, OBJ_VyF: -3.100000, VxFN: -1.550000, VyFN: -6.200003
AABBCheck X: 1095, Y: 293, OBJX: 1113, OBJY: 282, Time: 1.000000, Normalx: 0.000000, Normaly: 0.000000
VxF: 11.750000, VyF: -16.450005, OBJ_VxF: 14.100000, OBJ_VyF: -7.050000, VxFN: -2.350000, VyFN: -9.400004
AABBCheck X: 1102, Y: 283, OBJX: 1127, OBJY: 274, Time: 1.000000, Normalx: 0.000000, Normaly: 0.000000
VxF: 7.750000, VyF: -12.400003, OBJ_VxF: 9.300000, OBJ_VyF: -6.200000, VxFN: -1.550000, VyFN: -6.200003
AABBCheck X: 1113, Y: 266, OBJX: 1136, OBJY: 267, Time: 1.000000, Normalx: 0.000000, Normaly: 0.000000
VxF: 8.000000, VyF: -14.400004, OBJ_VxF: 9.600000, OBJ_VyF: -8.000000, VxFN: -1.600000, VyFN: -6.400004
AABBCheck X: 1120, Y: 253, OBJX: 1145, OBJY: 259, Time: 1.000000, Normalx: 0.000000, Normaly: 0.000000
VxF: 7.750000, VyF: -15.500004, OBJ_VxF: 9.300000, OBJ_VyF: -9.300000, VxFN: -1.550000, VyFN: -6.200004
AABBCheck X: 1128, Y: 238, OBJX: 1154, OBJY: 249, Time: 1.000000, Normalx: 0.000000, Normaly: 0.000000
VxF: 7.750000, VyF: -17.050005, OBJ_VxF: 9.300000, OBJ_VyF: -10.850000, VxFN: -1.550000, VyFN: -6.200005
AABBCheck X: 1135, Y: 222, OBJX: 1163, OBJY: 238, Time: 1.000000, Normalx: 0.000000, Normaly: 0.000000
VxF: 0.000000, VyF: -18.600004, OBJ_VxF: -3.100000, OBJ_VyF: 0.000000, VxFN: 3.100000, VyFN: -18.600004
AABBCheck X: 1175, Y: 198, OBJX: 1152, OBJY: 120, Time: 0.967742, Normalx: 0.000000, Normaly: 1.000000
VxF: 0.000000, VyF: -24.800007, OBJ_VxF: 3.100000, OBJ_VyF: 0.000000, VxFN: -3.100000, VyFN: -24.800007
AABBCheck X: 1548, Y: 199, OBJX: 1567, OBJY: 120, Time: 0.766129, Normalx: 0.000000, Normaly: 1.000000
VxF: 0.000000, VyF: -9.300000, OBJ_VxF: 3.100000, OBJ_VyF: 0.000000, VxFN: -3.100000, VyFN: -9.300000
AABBCheck X: 1548, Y: 188, OBJX: 1523, OBJY: 120, Time: 0.860215, Normalx: 0.000000, Normaly: 1.000000
VxF: 7.750000, VyF: 0.000000, OBJ_VxF: 9.300000, OBJ_VyF: 0.000000, VxFN: -1.550000, VyFN: 0.000000
AABBCheck X: 1719, Y: 308, OBJX: 1741, OBJY: 283, Time: 1.000000, Normalx: 0.000000, Normaly: 0.000000
VxF: 0.000000, VyF: 0.000000, OBJ_VxF: 9.600000, OBJ_VyF: 0.000000, VxFN: -9.600000, VyFN: 0.000000
AABBCheck X: 1726, Y: 308, OBJX: 1741, OBJY: 283, Time: 1.000000, Normalx: 0.000000, Normaly: 0.000000
VxF: 0.000000, VyF: 0.000000, OBJ_VxF: 9.300000, OBJ_VyF: -1.550000, VxFN: -9.300000, VyFN: 1.550000
AABBCheck X: 1726, Y: 308, OBJX: 1750, OBJY: 281, Time: 1.000000, Normalx: 0.000000, Normaly: 0.000000
VxF: 0.000000, VyF: 0.000000, OBJ_VxF: 9.300000, OBJ_VyF: 0.000000, VxFN: -9.300000, VyFN: 0.000000
AABBCheck X: 1726, Y: 308, OBJX: 1748, OBJY: 283, Time: 1.000000, Normalx: 0.000000, Normaly: 0.000000
VxF: 0.000000, VyF: 0.000000, OBJ_VxF: 9.600000, OBJ_VyF: 0.000000, VxFN: -9.600000, VyFN: 0.000000
AABBCheck X: 1726, Y: 308, OBJX: 1748, OBJY: 283, Time: 1.000000, Normalx: 0.000000, Normaly: 0.000000
VxF: 0.000000, VyF: 0.000000, OBJ_VxF: 9.300000, OBJ_VyF: -1.550000, VxFN: -9.300000, VyFN: 1.550000
AABBCheck X: 1726, Y: 308, OBJX: 1757, OBJY: 281, Time: 1.000000, Normalx: 0.000000, Normaly: 0.000000
VxF: 0.000000, VyF: 0.000000, OBJ_VxF: 9.600000, OBJ_VyF: 0.000000, VxFN: -9.600000, VyFN: 0.000000
AABBCheck X: 1726, Y: 308, OBJX: 1748, OBJY: 283, Time: 1.000000, Normalx: 0.000000, Normaly: 0.000000
VxF: 0.000000, VyF: 0.000000, OBJ_VxF: 9.300000, OBJ_VyF: 0.000000, VxFN: -9.300000, VyFN: 0.000000
AABBCheck X: 1726, Y: 308, OBJX: 1748, OBJY: 283, Time: 1.000000, Normalx: 0.000000, Normaly: 0.000000
VxF: 0.000000, VyF: 0.000000, OBJ_VxF: 9.300000, OBJ_VyF: 0.000000, VxFN: -9.300000, VyFN: 0.000000
AABBCheck X: 1726, Y: 308, OBJX: 1748, OBJY: 283, Time: 1.000000, Normalx: 0.000000, Normaly: 0.000000
VxF: 0.000000, VyF: 0.000000, OBJ_VxF: 14.100000, OBJ_VyF: 0.000000, VxFN: -14.100000, VyFN: 0.000000
AABBCheck X: 1726, Y: 308, OBJX: 1748, OBJY: 283, Time: 1.000000, Normalx: 0.000000, Normaly: 0.000000
VxF: 0.000000, VyF: 0.000000, OBJ_VxF: 9.300000, OBJ_VyF: -1.550000, VxFN: -9.300000, VyFN: 1.550000
AABBCheck X: 1726, Y: 308, OBJX: 1757, OBJY: 281, Time: 1.000000, Normalx: 0.000000, Normaly: 0.000000
VxF: 0.000000, VyF: 0.000000, OBJ_VxF: 14.100000, OBJ_VyF: 0.000000, VxFN: -14.100000, VyFN: 0.000000
AABBCheck X: 1726, Y: 308, OBJX: 1748, OBJY: 283, Time: 1.000000, Normalx: 0.000000, Normaly: 0.000000
VxF: 0.000000, VyF: 0.000000, OBJ_VxF: 9.600000, OBJ_VyF: 0.000000, VxFN: -9.600000, VyFN: 0.000000
AABBCheck X: 1726, Y: 308, OBJX: 1748, OBJY: 283, Time: 1.000000, Normalx: 0.000000, Normaly: 0.000000
VxF: 0.000000, VyF: 0.000000, OBJ_VxF: 9.300000, OBJ_VyF: -1.550000, VxFN: -9.300000, VyFN: 1.550000
AABBCheck X: 1726, Y: 308, OBJX: 1757, OBJY: 281, Time: 1.000000, Normalx: 0.000000, Normaly: 0.000000
VxF: 0.000000, VyF: 0.000000, OBJ_VxF: 14.100000, OBJ_VyF: 0.000000, VxFN: -14.100000, VyFN: 0.000000
AABBCheck X: 1726, Y: 308, OBJX: 1748, OBJY: 283, Time: 1.000000, Normalx: 0.000000, Normaly: 0.000000
VxF: 0.000000, VyF: 0.000000, OBJ_VxF: 9.600000, OBJ_VyF: 0.000000, VxFN: -9.600000, VyFN: 0.000000
AABBCheck X: 1726, Y: 308, OBJX: 1748, OBJY: 283, Time: 1.000000, Normalx: 0.000000, Normaly: 0.000000
VxF: 0.000000, VyF: 0.000000, OBJ_VxF: 9.300000, OBJ_VyF: -1.550000, VxFN: -9.300000, VyFN: 1.550000
AABBCheck X: 1726, Y: 308, OBJX: 1757, OBJY: 281, Time: 1.000000, Normalx: 0.000000, Normaly: 0.000000
VxF: 0.000000, VyF: 0.000000, OBJ_VxF: 9.300000, OBJ_VyF: 0.000000, VxFN: -9.300000, VyFN: 0.000000
AABBCheck X: 1726, Y: 308, OBJX: 1748, OBJY: 283, Time: 1.000000, Normalx: 0.000000, Normaly: 0.000000
VxF: 0.000000, VyF: 0.000000, OBJ_VxF: 9.300000, OBJ_VyF: 0.000000, VxFN: -9.300000, VyFN: 0.000000
AABBCheck X: 1726, Y: 308, OBJX: 1748, OBJY: 283, Time: 1.000000, Normalx: 0.000000, Normaly: 0.000000
VxF: 0.000000, VyF: 0.000000, OBJ_VxF: 9.300000, OBJ_VyF: -1.550000, VxFN: -9.300000, VyFN: 1.550000
AABBCheck X: 1726, Y: 308, OBJX: 1757, OBJY: 281, Time: 1.000000, Normalx: 0.000000, Normaly: 0.000000
